This is pdfTeX, Version 3.14159265-2.6-1.40.21 (TeX Live 2020/W32TeX) (preloaded format=pdflatex 2020.4.23)  24 APR 2020 09:17
entering extended mode
 restricted \write18 enabled.
 file:line:error style messages enabled.
 %&-line parsing enabled.
**c:/Users/Â∫∑Â∫∑/Desktop/MyCode/Reports/ËØæÁ®ãÊÄªÁªìÊä•Âëä-ËÆ≤Â∫ß/main.tex
(c:/Users/Â∫∑Â∫∑/Desktop/MyCode/Reports/ËØæÁ®ãÊÄªÁªìÊä•Âëä-ËÆ≤Â∫ß/main.tex
LaTeX2e <2020-02-02> patch level 5
L3 programming layer <2020-03-06> (f:/texlive/2020/texmf-dist/tex/latex/base/article.cls
Document Class: article 2019/12/20 v1.4l Standard LaTeX document class
(f:/texlive/2020/texmf-dist/tex/latex/base/size10.clo
File: size10.clo 2019/12/20 v1.4l Standard LaTeX file (size option)
)
\c@part=\count167
\c@section=\count168
\c@subsection=\count169
\c@subsubsection=\count170
\c@paragraph=\count171
\c@subparagraph=\count172
\c@figure=\count173
\c@table=\count174
\abovecaptionskip=\skip47
\belowcaptionskip=\skip48
\bibindent=\dimen134
) (f:/texlive/2020/texmf-dist/tex/latex/ctex/ctex.sty (f:/texlive/2020/texmf-dist/tex/latex/l3kernel/expl3.sty
Package: expl3 2020-03-06 L3 programming layer (loader) 
 (f:/texlive/2020/texmf-dist/tex/latex/l3backend/l3backend-pdfmode.def
File: l3backend-pdfmode.def 2020-03-12 L3 backend support: PDF mode
\l__kernel_color_stack_int=\count175
\l__pdf_internal_box=\box45
))
Package: ctex 2019/05/29 v2.4.16 Chinese adapter in LaTeX (CTEX)
 (f:/texlive/2020/texmf-dist/tex/latex/l3packages/xparse/xparse.sty
Package: xparse 2020-03-06 L3 Experimental document command parser
\l__xparse_current_arg_int=\count176
\g__xparse_grabber_int=\count177
\l__xparse_m_args_int=\count178
\l__xparse_v_nesting_int=\count179
) (f:/texlive/2020/texmf-dist/tex/latex/l3packages/l3keys2e/l3keys2e.sty
Package: l3keys2e 2020-03-06 LaTeX2e option processing using LaTeX3 keys
) (f:/texlive/2020/texmf-dist/tex/latex/ctex/ctexhook.sty
Package: ctexhook 2019/05/29 v2.4.16 Document and package hooks (CTEX)
) (f:/texlive/2020/texmf-dist/tex/latex/ctex/ctexpatch.sty
Package: ctexpatch 2019/05/29 v2.4.16 Patching commands (CTEX)
) (f:/texlive/2020/texmf-dist/tex/latex/base/fix-cm.sty
Package: fix-cm 2015/01/14 v1.1t fixes to LaTeX
 (f:/texlive/2020/texmf-dist/tex/latex/base/ts1enc.def
File: ts1enc.def 2001/06/05 v3.0e (jk/car/fm) Standard LaTeX file
LaTeX Font Info:    Redeclaring font encoding TS1 on input line 47.
)) (f:/texlive/2020/texmf-dist/tex/latex/ms/everysel.sty
Package: everysel 2011/10/28 v1.2 EverySelectfont Package (MS)
)
\l__ctex_tmp_int=\count180
\l__ctex_tmp_box=\box46
\l__ctex_tmp_dim=\dimen135
\g__ctex_section_depth_int=\count181
\g__ctex_font_size_int=\count182
 (f:/texlive/2020/texmf-dist/tex/latex/ctex/config/ctexopts.cfg
File: ctexopts.cfg 2019/05/29 v2.4.16 Option configuration file (CTEX)
) (f:/texlive/2020/texmf-dist/tex/latex/ctex/engine/ctex-engine-pdftex.def
File: ctex-engine-pdftex.def 2019/05/29 v2.4.16 (pdf)LaTeX adapter (CTEX)
 (f:/texlive/2020/texmf-dist/tex/latex/cjk/texinput/CJKutf8.sty
Package: CJKutf8 2015/04/18 4.8.4
 (f:/texlive/2020/texmf-dist/tex/generic/iftex/ifpdf.sty
Package: ifpdf 2019/10/25 v3.4 ifpdf legacy package. Use iftex instead.
 (f:/texlive/2020/texmf-dist/tex/generic/iftex/iftex.sty
Package: iftex 2020/03/06 v1.0d TeX engine tests
)) (f:/texlive/2020/texmf-dist/tex/latex/base/inputenc.sty
Package: inputenc 2018/08/11 v1.3c Input encoding file
\inpenc@prehook=\toks15
\inpenc@posthook=\toks16
) (f:/texlive/2020/texmf-dist/tex/latex/cjk/texinput/CJK.sty
Package: CJK 2015/04/18 4.8.4
 (f:/texlive/2020/texmf-dist/tex/latex/cjk/texinput/mule/MULEenc.sty
Package: MULEenc 2015/04/18 4.8.4
) (f:/texlive/2020/texmf-dist/tex/latex/cjk/texinput/CJK.enc
File: CJK.enc 2015/04/18 4.8.4
Now handling font encoding C00 ...
... no UTF-8 mapping file for font encoding C00
Now handling font encoding C05 ...
... no UTF-8 mapping file for font encoding C05
Now handling font encoding C09 ...
... no UTF-8 mapping file for font encoding C09
Now handling font encoding C10 ...
... no UTF-8 mapping file for font encoding C10
Now handling font encoding C20 ...
... no UTF-8 mapping file for font encoding C20
Now handling font encoding C19 ...
... no UTF-8 mapping file for font encoding C19
Now handling font encoding C40 ...
... no UTF-8 mapping file for font encoding C40
Now handling font encoding C42 ...
... no UTF-8 mapping file for font encoding C42
Now handling font encoding C43 ...
... no UTF-8 mapping file for font encoding C43
Now handling font encoding C50 ...
... no UTF-8 mapping file for font encoding C50
Now handling font encoding C52 ...
... no UTF-8 mapping file for font encoding C52
Now handling font encoding C49 ...
... no UTF-8 mapping file for font encoding C49
Now handling font encoding C60 ...
... no UTF-8 mapping file for font encoding C60
Now handling font encoding C61 ...
... no UTF-8 mapping file for font encoding C61
Now handling font encoding C63 ...
... no UTF-8 mapping file for font encoding C63
Now handling font encoding C64 ...
... no UTF-8 mapping file for font encoding C64
Now handling font encoding C65 ...
... no UTF-8 mapping file for font encoding C65
Now handling font encoding C70 ...
... no UTF-8 mapping file for font encoding C70
Now handling font encoding C31 ...
... no UTF-8 mapping file for font encoding C31
Now handling font encoding C32 ...
... no UTF-8 mapping file for font encoding C32
Now handling font encoding C33 ...
... no UTF-8 mapping file for font encoding C33
Now handling font encoding C34 ...
... no UTF-8 mapping file for font encoding C34
Now handling font encoding C35 ...
... no UTF-8 mapping file for font encoding C35
Now handling font encoding C36 ...
... no UTF-8 mapping file for font encoding C36
Now handling font encoding C37 ...
... no UTF-8 mapping file for font encoding C37
Now handling font encoding C80 ...
... no UTF-8 mapping file for font encoding C80
Now handling font encoding C81 ...
... no UTF-8 mapping file for font encoding C81
Now handling font encoding C01 ...
... no UTF-8 mapping file for font encoding C01
Now handling font encoding C11 ...
... no UTF-8 mapping file for font encoding C11
Now handling font encoding C21 ...
... no UTF-8 mapping file for font encoding C21
Now handling font encoding C41 ...
... no UTF-8 mapping file for font encoding C41
Now handling font encoding C62 ...
... no UTF-8 mapping file for font encoding C62
)
LaTeX Info: Redefining \selectfont on input line 755.
\CJK@indent=\box47
) (f:/texlive/2020/texmf-dist/tex/latex/base/fontenc.sty
Package: fontenc 2020/02/11 v2.0o Standard LaTeX package
)) (f:/texlive/2020/texmf-dist/tex/latex/cjkpunct/CJKpunct.sty
Package: CJKpunct 2016/05/14 4.8.4
\CJKpunct@cnta=\count183
\CJKpunct@cntb=\count184
\CJKpunct@cntc=\count185
\CJKpunct@cntd=\count186
\CJKpunct@cnte=\count187
   defining Unicode char U+2018 (decimal 8216)
   defining Unicode char U+2019 (decimal 8217)
   defining Unicode char U+201C (decimal 8220)
   defining Unicode char U+201D (decimal 8221)
   defining Unicode char U+2014 (decimal 8212)
   defining Unicode char U+2026 (decimal 8230)
 (f:/texlive/2020/texmf-dist/tex/latex/cjkpunct/CJKpunct.spa)) (f:/texlive/2020/texmf-dist/tex/latex/cjk/texinput/CJKspace.sty
Package: CJKspace 2015/04/18 3.8.0
) (f:/texlive/2020/texmf-dist/tex/latex/ctex/ctexspa.def
File: ctexspa.def 2019/05/29 v2.4.16 Space info for CJKpunct (CTEX)
) (f:/texlive/2020/texmf-dist/tex/latex/cjk/texinput/CJKfntef.sty
Package: CJKfntef 2015/04/18 4.8.4
 (f:/texlive/2020/texmf-dist/tex/latex/cjk/texinput/CJKulem.sty
Package: CJKulem 2015/04/18 4.8.4
 (f:/texlive/2020/texmf-dist/tex/generic/ulem/ulem.sty
\UL@box=\box48
\UL@hyphenbox=\box49
\UL@skip=\skip49
\UL@hook=\toks17
\UL@height=\dimen136
\UL@pe=\count188
\UL@pixel=\dimen137
\ULC@box=\box50
Package: ulem 2019/11/18
\ULdepth=\dimen138
)
\UL@lastkern=\dimen139
\CJK@skip=\skip50
)
\CJK@fntefSkip=\skip51
\CJK@nest=\count189
\CJK@fntefDimen=\dimen140
\CJK@underdotBox=\box51
\CJK@ULbox=\box52
\CJK@underanyskip=\dimen141
)
\ccwd=\dimen142
\l__ctex_ccglue_skip=\skip52
)
\l__ctex_ziju_dim=\dimen143
 (f:/texlive/2020/texmf-dist/tex/latex/zhnumber/zhnumber.sty
Package: zhnumber 2019/04/07 v2.7 Typesetting numbers with Chinese glyphs
\l__zhnum_scale_int=\count190
\l__zhnum_byte_min_int=\count191
\l__zhnum_byte_max_int=\count192
 (f:/texlive/2020/texmf-dist/tex/latex/zhnumber/zhnumber-utf8.cfg
File: zhnumber-utf8.cfg 2019/04/07 v2.7 Chinese numerals with UTF8 encoding
)) (f:/texlive/2020/texmf-dist/tex/latex/ctex/scheme/ctex-scheme-chinese.def
File: ctex-scheme-chinese.def 2019/05/29 v2.4.16 Chinese scheme for generic (CTEX)
 (f:/texlive/2020/texmf-dist/tex/latex/ctex/config/ctex-name-utf8.cfg
File: ctex-name-utf8.cfg 2019/05/29 v2.4.16 Caption with encoding UTF8 (CTEX)
)) (f:/texlive/2020/texmf-dist/tex/latex/tools/indentfirst.sty
Package: indentfirst 1995/11/23 v1.03 Indent first paragraph (DPC)
) (f:/texlive/2020/texmf-dist/tex/latex/ctex/ctex-c5size.clo
File: ctex-c5size.clo 2019/05/29 v2.4.16 c5size option (CTEX)
) (f:/texlive/2020/texmf-dist/tex/latex/ctex/fontset/ctex-fontset-windows.def
File: ctex-fontset-windows.def 2019/05/29 v2.4.16 Windows fonts definition (CTEX)
 (f:/texlive/2020/texmf-dist/tex/latex/ctex/fontset/ctex-fontset-windowsnew.def
File: ctex-fontset-windowsnew.def 2019/05/29 v2.4.16 Windows fonts definition for Vista or later version (CTEX)
 (f:/texlive/2020/texmf-dist/tex/generic/ctex/zhwindowsfonts.tex
File: zhwindowsfonts.tex 2019/05/29 v2.4.16 Windows font map loader for pdfTeX and DVIPDFMx (CTEX)
{f:/texlive/2020/texmf-var/fonts/map/pdftex/updmap/pdftex.map}{UGBK.sfd}{Unicode.sfd})))) (f:/texlive/2020/texmf-dist/tex/latex/ctex/config/ctex.cfg
File: ctex.cfg 2019/05/29 v2.4.16 Configuration file (CTEX)
) (f:/texlive/2020/texmf-dist/tex/latex/geometry/geometry.sty
Package: geometry 2020/01/02 v5.9 Page Geometry
 (f:/texlive/2020/texmf-dist/tex/latex/graphics/keyval.sty
Package: keyval 2014/10/28 v1.15 key=value parser (DPC)
\KV@toks@=\toks18
) (f:/texlive/2020/texmf-dist/tex/generic/iftex/ifvtex.sty
Package: ifvtex 2019/10/25 v1.7 ifvtex legacy package. Use iftex instead.
)
\Gm@cnth=\count193
\Gm@cntv=\count194
\c@Gm@tempcnt=\count195
\Gm@bindingoffset=\dimen144
\Gm@wd@mp=\dimen145
\Gm@odd@mp=\dimen146
\Gm@even@mp=\dimen147
\Gm@layoutwidth=\dimen148
\Gm@layoutheight=\dimen149
\Gm@layouthoffset=\dimen150
\Gm@layoutvoffset=\dimen151
\Gm@dimlist=\toks19
) (f:/texlive/2020/texmf-dist/tex/latex/natbib/natbib.sty
Package: natbib 2010/09/13 8.31b (PWD, AO)
\bibhang=\skip53
\bibsep=\skip54
LaTeX Info: Redefining \cite on input line 694.
\c@NAT@ctr=\count196
) (f:/texlive/2020/texmf-dist/tex/latex/graphics/graphicx.sty
Package: graphicx 2019/11/30 v1.2a Enhanced LaTeX Graphics (DPC,SPQR)
 (f:/texlive/2020/texmf-dist/tex/latex/graphics/graphics.sty
Package: graphics 2019/11/30 v1.4a Standard LaTeX Graphics (DPC,SPQR)
 (f:/texlive/2020/texmf-dist/tex/latex/graphics/trig.sty
Package: trig 2016/01/03 v1.10 sin cos tan (DPC)
) (f:/texlive/2020/texmf-dist/tex/latex/graphics-cfg/graphics.cfg
File: graphics.cfg 2016/06/04 v1.11 sample graphics configuration
)
Package graphics Info: Driver file: pdftex.def on input line 105.
 (f:/texlive/2020/texmf-dist/tex/latex/graphics-def/pdftex.def
File: pdftex.def 2018/01/08 v1.0l Graphics/color driver for pdftex
))
\Gin@req@height=\dimen152
\Gin@req@width=\dimen153
) (f:/texlive/2020/texmf-dist/tex/latex/setspace/setspace.sty
Package: setspace 2011/12/19 v6.7a set line spacing
) (f:/texlive/2020/texmf-dist/tex/latex/caption/caption.sty
Package: caption 2020/01/03 v3.4h Customizing captions (AR)
 (f:/texlive/2020/texmf-dist/tex/latex/caption/caption3.sty
Package: caption3 2020/01/03 v1.8h caption3 kernel (AR)
Package caption3 Info: TeX engine: e-TeX on input line 61.
\captionmargin=\dimen154
\captionmargin@=\dimen155
\captionwidth=\dimen156
\caption@tempdima=\dimen157
\caption@indent=\dimen158
\caption@parindent=\dimen159
\caption@hangindent=\dimen160
Package caption Info: Standard document class detected.
)
\c@caption@flags=\count197
\c@continuedfloat=\count198
) (f:/texlive/2020/texmf-dist/tex/latex/datetime/datetime.sty
Package: datetime 2015/03/20 v2.60 Date Time Package
 (f:/texlive/2020/texmf-dist/tex/latex/etoolbox/etoolbox.sty
Package: etoolbox 2019/09/21 v2.5h e-TeX tools for LaTeX (JAW)
\etb@tempcnta=\count199
) (f:/texlive/2020/texmf-dist/tex/latex/fmtcount/fmtcount.sty
Package: fmtcount 2020/01/30 v3.07
 (f:/texlive/2020/texmf-dist/tex/latex/base/ifthen.sty
Package: ifthen 2014/09/29 v1.1c Standard LaTeX ifthen package (DPC)
) (f:/texlive/2020/texmf-dist/tex/latex/xkeyval/xkeyval.sty
Package: xkeyval 2014/12/03 v2.7a package option processing (HA)
 (f:/texlive/2020/texmf-dist/tex/generic/xkeyval/xkeyval.tex (f:/texlive/2020/texmf-dist/tex/generic/xkeyval/xkvutils.tex
\XKV@toks=\toks20
\XKV@tempa@toks=\toks21
)
\XKV@depth=\count266
File: xkeyval.tex 2014/12/03 v2.7a key=value parser (HA)
)) (f:/texlive/2020/texmf-dist/tex/latex/fmtcount/fcprefix.sty
Package: fcprefix 2012/09/28
 (f:/texlive/2020/texmf-dist/tex/latex/fmtcount/fcnumparser.sty
Package: fcnumparser 2017/06/15
\fc@digit@counter=\count267
)) (f:/texlive/2020/texmf-dist/tex/latex/amsmath/amsgen.sty
File: amsgen.sty 1999/11/30 v2.0 generic functions
\@emptytoks=\toks22
\ex@=\dimen161
)
\c@padzeroesN=\count268
\fc@tmpcatcode=\count269
\@DT@modctr=\count270
\@ordinalctr=\count271
\@orgargctr=\count272
\@strctr=\count273
\@tmpstrctr=\count274
\@DT@loopN=\count275
\@DT@X=\count276
) (f:/texlive/2020/texmf-dist/tex/latex/datetime/datetime-defaults.sty
Package: datetime-defaults 2013/09/10
)
\@day=\count277
\@month=\count278
\@year=\count279
\c@HOUR=\count280
\c@HOURXII=\count281
\c@MINUTE=\count282
\c@TOHOUR=\count283
\c@TOMINUTE=\count284
\c@SECOND=\count285
\currenthour=\count286
\currentminute=\count287
\currentsecond=\count288
Package datetime Info: No datetime.cfg file found, using default settings on input line 308.
\@dtctr=\count289
\dayofyear=\count290
\dayofweek=\count291
LaTeX Info: Redefining \today on input line 736.
\dt@a=\toks23
\dt@b=\toks24
) (f:/texlive/2020/texmf-dist/tex/latex/hyperref/hyperref.sty
Package: hyperref 2020/01/14 v7.00d Hypertext links for LaTeX
 (f:/texlive/2020/texmf-dist/tex/generic/ltxcmds/ltxcmds.sty
Package: ltxcmds 2019/12/15 v1.24 LaTeX kernel commands for general use (HO)
) (f:/texlive/2020/texmf-dist/tex/latex/pdftexcmds/pdftexcmds.sty
Package: pdftexcmds 2019/11/24 v0.31 Utility functions of pdfTeX for LuaTeX (HO)
 (f:/texlive/2020/texmf-dist/tex/generic/infwarerr/infwarerr.sty
Package: infwarerr 2019/12/03 v1.5 Providing info/warning/error messages (HO)
)
Package pdftexcmds Info: \pdf@primitive is available.
Package pdftexcmds Info: \pdf@ifprimitive is available.
Package pdftexcmds Info: \pdfdraftmode found.
) (f:/texlive/2020/texmf-dist/tex/generic/kvsetkeys/kvsetkeys.sty
Package: kvsetkeys 2019/12/15 v1.18 Key value parser (HO)
) (f:/texlive/2020/texmf-dist/tex/generic/kvdefinekeys/kvdefinekeys.sty
Package: kvdefinekeys 2019-12-19 v1.6 Define keys (HO)
) (f:/texlive/2020/texmf-dist/tex/generic/pdfescape/pdfescape.sty
Package: pdfescape 2019/12/09 v1.15 Implements pdfTeX's escape features (HO)
) (f:/texlive/2020/texmf-dist/tex/latex/hycolor/hycolor.sty
Package: hycolor 2020-01-27 v1.10 Color options for hyperref/bookmark (HO)
) (f:/texlive/2020/texmf-dist/tex/latex/letltxmacro/letltxmacro.sty
Package: letltxmacro 2019/12/03 v1.6 Let assignment for LaTeX macros (HO)
) (f:/texlive/2020/texmf-dist/tex/latex/auxhook/auxhook.sty
Package: auxhook 2019-12-17 v1.6 Hooks for auxiliary files (HO)
) (f:/texlive/2020/texmf-dist/tex/latex/kvoptions/kvoptions.sty
Package: kvoptions 2019/11/29 v3.13 Key value format for package options (HO)
)
\@linkdim=\dimen162
\Hy@linkcounter=\count292
\Hy@pagecounter=\count293
 (f:/texlive/2020/texmf-dist/tex/latex/hyperref/pd1enc.def
File: pd1enc.def 2020/01/14 v7.00d Hyperref: PDFDocEncoding definition (HO)
Now handling font encoding PD1 ...
... no UTF-8 mapping file for font encoding PD1
) (f:/texlive/2020/texmf-dist/tex/generic/intcalc/intcalc.sty
Package: intcalc 2019/12/15 v1.3 Expandable calculations with integers (HO)
) (f:/texlive/2020/texmf-dist/tex/generic/etexcmds/etexcmds.sty
Package: etexcmds 2019/12/15 v1.7 Avoid name clashes with e-TeX commands (HO)
)
\Hy@SavedSpaceFactor=\count294
Package hyperref Info: Option `unicode' set `true' on input line 4421.
 (f:/texlive/2020/texmf-dist/tex/latex/hyperref/puenc.def
File: puenc.def 2020/01/14 v7.00d Hyperref: PDF Unicode definition (HO)
Now handling font encoding PU ...
... no UTF-8 mapping file for font encoding PU
)
Package hyperref Info: Option `colorlinks' set `true' on input line 4421.
Package hyperref Info: Hyper figures OFF on input line 4547.
Package hyperref Info: Link nesting OFF on input line 4552.
Package hyperref Info: Hyper index ON on input line 4555.
Package hyperref Info: Plain pages OFF on input line 4562.
Package hyperref Info: Backreferencing OFF on input line 4567.
Package hyperref Info: Implicit mode ON; LaTeX internals redefined.
Package hyperref Info: Bookmarks ON on input line 4800.
\c@Hy@tempcnt=\count295
 (f:/texlive/2020/texmf-dist/tex/latex/url/url.sty
\Urlmuskip=\muskip16
Package: url 2013/09/16  ver 3.4  Verb mode for urls, etc.
)
LaTeX Info: Redefining \url on input line 5159.
\XeTeXLinkMargin=\dimen163
 (f:/texlive/2020/texmf-dist/tex/generic/bitset/bitset.sty
Package: bitset 2019/12/09 v1.3 Handle bit-vector datatype (HO)
 (f:/texlive/2020/texmf-dist/tex/generic/bigintcalc/bigintcalc.sty
Package: bigintcalc 2019/12/15 v1.5 Expandable calculations on big integers (HO)
))
\Fld@menulength=\count296
\Field@Width=\dimen164
\Fld@charsize=\dimen165
Package hyperref Info: Hyper figures OFF on input line 6430.
Package hyperref Info: Link nesting OFF on input line 6435.
Package hyperref Info: Hyper index ON on input line 6438.
Package hyperref Info: backreferencing OFF on input line 6445.
Package hyperref Info: Link coloring ON on input line 6448.
Package hyperref Info: Link coloring with OCG OFF on input line 6455.
Package hyperref Info: PDF/A mode OFF on input line 6460.
LaTeX Info: Redefining \ref on input line 6500.
LaTeX Info: Redefining \pageref on input line 6504.
 (f:/texlive/2020/texmf-dist/tex/generic/atbegshi/atbegshi.sty
Package: atbegshi 2019/12/05 v1.19 At begin shipout hook (HO)
)
\Hy@abspage=\count297
\c@Item=\count298
\c@Hfootnote=\count299
)
Package hyperref Info: Driver (autodetected): hpdftex.
 (f:/texlive/2020/texmf-dist/tex/latex/hyperref/hpdftex.def
File: hpdftex.def 2020/01/14 v7.00d Hyperref driver for pdfTeX
 (f:/texlive/2020/texmf-dist/tex/latex/atveryend/atveryend.sty
Package: atveryend 2019-12-11 v1.11 Hooks at the very end of document (HO)
)
\Fld@listcount=\count300
\c@bookmark@seq@number=\count301
 (f:/texlive/2020/texmf-dist/tex/latex/rerunfilecheck/rerunfilecheck.sty
Package: rerunfilecheck 2019/12/05 v1.9 Rerun checks for auxiliary files (HO)
 (f:/texlive/2020/texmf-dist/tex/generic/uniquecounter/uniquecounter.sty
Package: uniquecounter 2019/12/15 v1.4 Provide unlimited unique counter (HO)
)
Package uniquecounter Info: New unique counter `rerunfilecheck' on input line 286.
)
\Hy@SectionHShift=\skip55
) (f:/texlive/2020/texmf-dist/tex/latex/cjk/texinput/UTF8/UTF8.bdg
File: UTF8.bdg 2015/04/18 4.8.4
) (f:/texlive/2020/texmf-dist/tex/latex/cjk/texinput/UTF8/UTF8.enc
File: UTF8.enc 2015/04/18 4.8.4
) (f:/texlive/2020/texmf-dist/tex/latex/cjk/texinput/UTF8/UTF8.chr
File: UTF8.chr 2015/04/18 4.8.4
) (c:\Users\Â∫∑Â∫∑\Desktop\MyCode\Reports\ËØæÁ®ãÊÄªÁªìÊä•Âëä-ËÆ≤Â∫ß/main.aux

LaTeX Warning: Label `fig:label' multiply defined.


LaTeX Warning: Label `fig:label' multiply defined.


LaTeX Warning: Label `fig:label' multiply defined.


LaTeX Warning: Label `fig:label' multiply defined.


LaTeX Warning: Label `fig:label' multiply defined.


LaTeX Warning: Label `fig:label' multiply defined.


LaTeX Warning: Label `fig:label' multiply defined.

)
\openout1 = `main.aux'.

LaTeX Font Info:    Checking defaults for OML/cmm/m/it on input line 16.
LaTeX Font Info:    ... okay on input line 16.
LaTeX Font Info:    Checking defaults for OMS/cmsy/m/n on input line 16.
LaTeX Font Info:    ... okay on input line 16.
LaTeX Font Info:    Checking defaults for OT1/cmr/m/n on input line 16.
LaTeX Font Info:    ... okay on input line 16.
LaTeX Font Info:    Checking defaults for T1/cmr/m/n on input line 16.
LaTeX Font Info:    ... okay on input line 16.
LaTeX Font Info:    Checking defaults for TS1/cmr/m/n on input line 16.
LaTeX Font Info:    ... okay on input line 16.
LaTeX Font Info:    Checking defaults for OMX/cmex/m/n on input line 16.
LaTeX Font Info:    ... okay on input line 16.
LaTeX Font Info:    Checking defaults for U/cmr/m/n on input line 16.
LaTeX Font Info:    ... okay on input line 16.
LaTeX Font Info:    Checking defaults for C00/song/m/n on input line 16.
LaTeX Font Info:    ... okay on input line 16.
LaTeX Font Info:    Checking defaults for C05/song/m/n on input line 16.
LaTeX Font Info:    ... okay on input line 16.
LaTeX Font Info:    Checking defaults for C09/song/m/n on input line 16.
LaTeX Font Info:    ... okay on input line 16.
LaTeX Font Info:    Checking defaults for C10/song/m/n on input line 16.
LaTeX Font Info:    ... okay on input line 16.
LaTeX Font Info:    Checking defaults for C20/song/m/n on input line 16.
LaTeX Font Info:    ... okay on input line 16.
LaTeX Font Info:    Checking defaults for C19/song/m/n on input line 16.
LaTeX Font Info:    ... okay on input line 16.
LaTeX Font Info:    Checking defaults for C40/song/m/n on input line 16.
LaTeX Font Info:    ... okay on input line 16.
LaTeX Font Info:    Checking defaults for C42/song/m/n on input line 16.
LaTeX Font Info:    ... okay on input line 16.
LaTeX Font Info:    Checking defaults for C43/song/m/n on input line 16.
LaTeX Font Info:    ... okay on input line 16.
LaTeX Font Info:    Checking defaults for C50/song/m/n on input line 16.
LaTeX Font Info:    ... okay on input line 16.
LaTeX Font Info:    Checking defaults for C52/song/m/n on input line 16.
LaTeX Font Info:    ... okay on input line 16.
LaTeX Font Info:    Checking defaults for C49/song/m/n on input line 16.
LaTeX Font Info:    ... okay on input line 16.
LaTeX Font Info:    Checking defaults for C60/mj/m/n on input line 16.
LaTeX Font Info:    ... okay on input line 16.
LaTeX Font Info:    Checking defaults for C61/mj/m/n on input line 16.
LaTeX Font Info:    ... okay on input line 16.
LaTeX Font Info:    Checking defaults for C63/mj/m/n on input line 16.
LaTeX Font Info:    ... okay on input line 16.
LaTeX Font Info:    Checking defaults for C64/mj/m/n on input line 16.
LaTeX Font Info:    ... okay on input line 16.
LaTeX Font Info:    Checking defaults for C65/mj/m/n on input line 16.
LaTeX Font Info:    ... okay on input line 16.
LaTeX Font Info:    Checking defaults for C70/song/m/n on input line 16.
LaTeX Font Info:    ... okay on input line 16.
LaTeX Font Info:    Checking defaults for C31/song/m/n on input line 16.
LaTeX Font Info:    ... okay on input line 16.
LaTeX Font Info:    Checking defaults for C32/song/m/n on input line 16.
LaTeX Font Info:    ... okay on input line 16.
LaTeX Font Info:    Checking defaults for C33/song/m/n on input line 16.
LaTeX Font Info:    ... okay on input line 16.
LaTeX Font Info:    Checking defaults for C34/song/m/n on input line 16.
LaTeX Font Info:    ... okay on input line 16.
LaTeX Font Info:    Checking defaults for C35/song/m/n on input line 16.
LaTeX Font Info:    ... okay on input line 16.
LaTeX Font Info:    Checking defaults for C36/song/m/n on input line 16.
LaTeX Font Info:    ... okay on input line 16.
LaTeX Font Info:    Checking defaults for C37/song/m/n on input line 16.
LaTeX Font Info:    ... okay on input line 16.
LaTeX Font Info:    Checking defaults for C80/song/m/n on input line 16.
LaTeX Font Info:    ... okay on input line 16.
LaTeX Font Info:    Checking defaults for C81/song/m/n on input line 16.
LaTeX Font Info:    ... okay on input line 16.
LaTeX Font Info:    Checking defaults for C01/song/m/n on input line 16.
LaTeX Font Info:    ... okay on input line 16.
LaTeX Font Info:    Checking defaults for C11/song/m/n on input line 16.
LaTeX Font Info:    ... okay on input line 16.
LaTeX Font Info:    Checking defaults for C21/song/m/n on input line 16.
LaTeX Font Info:    ... okay on input line 16.
LaTeX Font Info:    Checking defaults for C41/song/m/n on input line 16.
LaTeX Font Info:    ... okay on input line 16.
LaTeX Font Info:    Checking defaults for C62/song/m/n on input line 16.
LaTeX Font Info:    ... okay on input line 16.
LaTeX Font Info:    Checking defaults for PD1/pdf/m/n on input line 16.
LaTeX Font Info:    ... okay on input line 16.
LaTeX Font Info:    Checking defaults for PU/pdf/m/n on input line 16.
LaTeX Font Info:    ... okay on input line 16.
 ABD: EverySelectfont initializing macros
LaTeX Info: Redefining \selectfont on input line 16.

*geometry* driver: auto-detecting
*geometry* detected driver: pdftex
*geometry* verbose mode - [ preamble ] result:
* driver: pdftex
* paper: <default>
* layout: <same size as paper>
* layoutoffset:(h,v)=(0.0pt,0.0pt)
* modes: 
* h-part:(L,W,R)=(90.47955pt, 433.33589pt, 90.47955pt)
* v-part:(T,H,B)=(72.2698pt, 650.43037pt, 72.2698pt)
* \paperwidth=614.295pt
* \paperheight=794.96999pt
* \textwidth=433.33589pt
* \textheight=650.43037pt
* \oddsidemargin=18.20956pt
* \evensidemargin=18.20956pt
* \topmargin=-37.00018pt
* \headheight=12.0pt
* \headsep=25.0pt
* \topskip=10.0pt
* \footskip=30.0pt
* \marginparwidth=65.0pt
* \marginparsep=11.0pt
* \columnsep=10.0pt
* \skip\footins=9.0pt plus 4.0pt minus 2.0pt
* \hoffset=0.0pt
* \voffset=0.0pt
* \mag=1000
* \@twocolumnfalse
* \@twosidefalse
* \@mparswitchfalse
* \@reversemarginfalse
* (1in=72.27pt=25.4mm, 1cm=28.453pt)

(f:/texlive/2020/texmf-dist/tex/context/base/mkii/supp-pdf.mkii
[Loading MPS to PDF converter (version 2006.09.02).]
\scratchcounter=\count302
\scratchdimen=\dimen166
\scratchbox=\box53
\nofMPsegments=\count303
\nofMParguments=\count304
\everyMPshowfont=\toks25
\MPscratchCnt=\count305
\MPscratchDim=\dimen167
\MPnumerator=\count306
\makeMPintoPDFobject=\count307
\everyMPtoPDFconversion=\toks26
) (f:/texlive/2020/texmf-dist/tex/latex/epstopdf-pkg/epstopdf-base.sty
Package: epstopdf-base 2020-01-24 v2.11 Base part for package epstopdf
Package epstopdf-base Info: Redefining graphics rule for `.eps' on input line 485.
 (f:/texlive/2020/texmf-dist/tex/latex/latexconfig/epstopdf-sys.cfg
File: epstopdf-sys.cfg 2010/07/13 v1.3 Configuration of (r)epstopdf for TeX Live
))
Package caption Info: Begin \AtBeginDocument code.
Package caption Info: hyperref package is loaded.
Package caption Info: End \AtBeginDocument code.
 (f:/texlive/2020/texmf-dist/tex/latex/fmtcount/fc-english.def
File: fc-english.def 2016/01/12
)
\AtBeginShipoutBox=\box54
 (f:/texlive/2020/texmf-dist/tex/latex/graphics/color.sty
Package: color 2019/11/23 v1.2a Standard LaTeX Color (DPC)
 (f:/texlive/2020/texmf-dist/tex/latex/graphics-cfg/color.cfg
File: color.cfg 2016/01/02 v1.6 sample color configuration
)
Package color Info: Driver file: pdftex.def on input line 147.
)
Package hyperref Info: Link coloring ON on input line 16.
 (f:/texlive/2020/texmf-dist/tex/latex/hyperref/nameref.sty
Package: nameref 2019/09/16 v2.46 Cross-referencing by name of section
 (f:/texlive/2020/texmf-dist/tex/latex/refcount/refcount.sty
Package: refcount 2019/12/15 v3.6 Data extraction from label references (HO)
) (f:/texlive/2020/texmf-dist/tex/generic/gettitlestring/gettitlestring.sty
Package: gettitlestring 2019/12/15 v1.6 Cleanup title references (HO)
)
\c@section@level=\count308
)
LaTeX Info: Redefining \ref on input line 16.
LaTeX Info: Redefining \pageref on input line 16.
LaTeX Info: Redefining \nameref on input line 16.
 (c:\Users\Â∫∑Â∫∑\Desktop\MyCode\Reports\ËØæÁ®ãÊÄªÁªìÊä•Âëä-ËÆ≤Â∫ß/main.out) (c:\Users\Â∫∑Â∫∑\Desktop\MyCode\Reports\ËØæÁ®ãÊÄªÁªìÊä•Âëä-ËÆ≤Â∫ß/main.out)
\@outlinefile=\write3
\openout3 = `main.out'.

<upc.png, id=28, 808.52063pt x 199.11891pt>
File: upc.png Graphic file (type png)
<use upc.png>
Package pdftex.def Info: upc.png  used on input line 20.
(pdftex.def)             Requested size: 227.62204pt x 56.05673pt.
LaTeX Font Info:    Trying to load font information for C70+zhhei on input line 30.
 (f:/texlive/2020/texmf-dist/tex/latex/zhmetrics/c70zhhei.fd
File: c70zhhei.fd 2009/09/23 4.8.2
)
Package CJKpunct Info: use punctuation spaces for family 'zhhei' with punctstyle (quanjiao) on input line 30.
LaTeX Font Info:    Trying to load font information for C70+rm on input line 41.
 (f:/texlive/2020/texmf-dist/tex/latex/ctex/fd/c70rm.fd
File: c70rm.fd 2019/05/29 v2.4.16 Chinese font definition (CTEX)
)
Package CJKpunct Info: use punctuation spaces for family 'rm' with punctstyle (quanjiao) on input line 41.
LaTeX Font Info:    External font `cmex10' loaded for size
(Font)              <14.05249> on input line 41.
LaTeX Font Info:    External font `cmex10' loaded for size
(Font)              <10.53937> on input line 41.
LaTeX Font Info:    External font `cmex10' loaded for size
(Font)              <7.52812> on input line 41.

Overfull \hbox (8.92574pt too wide) in paragraph at lines 54--64
 [][] 
 []

(f:/texlive/2020/texmf-dist/tex/generic/ctex/zhwindowsfonts.tex
File: zhwindowsfonts.tex 2019/05/29 v2.4.16 Windows font map loader for pdfTeX and DVIPDFMx (CTEX)
) [1

 <c:\Users\Â∫∑Â∫∑\Desktop\MyCode\Reports\ËØæÁ®ãÊÄªÁªìÊä•Âëä-ËÆ≤Â∫ß/upc.png>]pdfTeX warning (ext4): destination with the same identifier (name{page.1}) has been already used, duplicate ignored
<to be read again> 
                   \relax 
l.88 ...∏™ÂæàÂ∞èÁöÑÊï∞ÔºåËøôÂ∞±ÊòØÊöóÈÄöÈÅì„ÄÇ\par
                                                   [1]
LaTeX Font Info:    External font `cmex10' loaded for size
(Font)              <7> on input line 90.
LaTeX Font Info:    External font `cmex10' loaded for size
(Font)              <5> on input line 90.
<dehaze1.png, id=217, 1210.5225pt x 455.7025pt>
File: dehaze1.png Graphic file (type png)
<use dehaze1.png>
Package pdftex.def Info: dehaze1.png  used on input line 109.
(pdftex.def)             Requested size: 363.15955pt x 136.71179pt.
 [2 <c:\Users\Â∫∑Â∫∑\Desktop\MyCode\Reports\ËØæÁ®ãÊÄªÁªìÊä•Âëä-ËÆ≤Â∫ß/dehaze1.png (PNG copy)>]
Overfull \hbox (3.987pt too wide) in paragraph at lines 126--126
[]\C70/rm/m/n/10.53937/67 ^^M \C70/rm/m/n/10.53937/52 ° \C70/rm/m/n/10.53937/7a Ô \C70/rm/m/n/10.53937/6e 2 \C70/rm/m/n/10.53937/67 ” \C70/rm/m/n/10.53937/52 ^^Y \C70/rm/m/n/10.53937/66 / \C70/rm/m/n/10.53937/67 ^^M \C70/rm/m/n/10.53937/52 ° \C70/rm/m/n/10.53937/7a Ô \C70/rm/m/n/10.53937/57 ( \C70/rm/m/n/10.53937/8f ‘ \C70/rm/m/n/10.53937/56 ﬁ \OT1/cmr/m/n/10.53937 HTML \C70/rm/m/n/10.53937/4e K \C70/rm/m/n/10.53937/52 M|\C70/rm/m/n/10.53937/ff ^^L| \C70/rm/m/n/10.53937/57 ( \C70/rm/m/n/10.53937/72 y \C70/rm/m/n/10.53937/5b ö \C70/rm/m/n/10.53937/76 Ñ \C70/rm/m/n/10.53937/53 : \C70/rm/m/n/10.53937/57 ﬂ|\C70/rm/m/n/10.53937/ff ^^L| \C70/rm/m/n/10.53937/7b & \C70/rm/m/n/10.53937/53 ˜ \C70/rm/m/n/10.53937/91 Ã \C70/rm/m/n/10.53937/75 ( \C70/rm/m/n/10.53937/65 p \C70/rm/m/n/10.53937/63 n \C70/rm/m/n/10.53937/58 k \C70/rm/m/n/10.53937/51 E \C70/rm/m/n/10.53937/75 ^^_ \C70/rm/m/n/10.53937/62 ^^P \OT1/cmr/m/n/10.53937 HTML
 []

[3] [4]
<github.png, id=257, 1445.4pt x 758.835pt>
File: github.png Graphic file (type png)
<use github.png>
Package pdftex.def Info: github.png  used on input line 177.
(pdftex.def)             Requested size: 144.54846pt x 75.88794pt.
 [5 <c:\Users\Â∫∑Â∫∑\Desktop\MyCode\Reports\ËØæÁ®ãÊÄªÁªìÊä•Âëä-ËÆ≤Â∫ß/github.png>]
<gcz.png, id=266, 2550.52875pt x 1265.72874pt>
File: gcz.png Graphic file (type png)
<use gcz.png>
Package pdftex.def Info: gcz.png  used on input line 185.
(pdftex.def)             Requested size: 255.06781pt x 126.58028pt.
<xxqg.jpg, id=267, 1445.4pt x 1081.03876pt>
File: xxqg.jpg Graphic file (type jpg)
<use xxqg.jpg>
Package pdftex.def Info: xxqg.jpg  used on input line 191.
(pdftex.def)             Requested size: 158.99449pt x 118.91463pt.
<bilibili.jpg, id=268, 1445.4pt x 1180.41pt>
File: bilibili.jpg Graphic file (type jpg)
<use bilibili.jpg>
Package pdftex.def Info: bilibili.jpg  used on input line 197.
(pdftex.def)             Requested size: 158.99449pt x 129.8455pt.
 [6 <c:\Users\Â∫∑Â∫∑\Desktop\MyCode\Reports\ËØæÁ®ãÊÄªÁªìÊä•Âëä-ËÆ≤Â∫ß/gcz.png> <c:\Users\Â∫∑Â∫∑\Desktop\MyCode\Reports\ËØæÁ®ãÊÄªÁªìÊä•Âëä-ËÆ≤Â∫ß/xxqg.jpg> <c:\Users\Â∫∑Â∫∑\Desktop\MyCode\Reports\ËØæÁ®ãÊÄªÁªìÊä•Âëä-ËÆ≤Â∫ß/bilibili.jpg>]
<csdn.png, id=279, 2549.525pt x 1268.74pt>
File: csdn.png Graphic file (type png)
<use csdn.png>
Package pdftex.def Info: csdn.png  used on input line 207.
(pdftex.def)             Requested size: 254.96744pt x 126.88142pt.
<cnblog.png, id=281, 2550.52875pt x 1264.725pt>
File: cnblog.png Graphic file (type png)
<use cnblog.png>
Package pdftex.def Info: cnblog.png  used on input line 215.
(pdftex.def)             Requested size: 255.06781pt x 126.4799pt.
<xmc.png, id=283, 2549.525pt x 1265.72874pt>
File: xmc.png Graphic file (type png)
<use xmc.png>
Package pdftex.def Info: xmc.png  used on input line 224.
(pdftex.def)             Requested size: 254.96744pt x 126.58028pt.

Underfull \hbox (badness 10000) in paragraph at lines 231--232

 []

(c:\Users\Â∫∑Â∫∑\Desktop\MyCode\Reports\ËØæÁ®ãÊÄªÁªìÊä•Âëä-ËÆ≤Â∫ß/main.bbl [7 <c:\Users\Â∫∑Â∫∑\Desktop\MyCode\Reports\ËØæÁ®ãÊÄªÁªìÊä•Âëä-ËÆ≤Â∫ß/csdn.png> <c:\Users\Â∫∑Â∫∑\Desktop\MyCode\Reports\ËØæÁ®ãÊÄªÁªìÊä•Âëä-ËÆ≤Â∫ß/cnblog.png> <c:\Users\Â∫∑Â∫∑\Desktop\MyCode\Reports\ËØæÁ®ãÊÄªÁªìÊä•Âëä-ËÆ≤Â∫ß/xmc.png>])
Package atveryend Info: Empty hook `BeforeClearDocument' on input line 239.
 [8]
Package atveryend Info: Empty hook `AfterLastShipout' on input line 239.
 (c:\Users\Â∫∑Â∫∑\Desktop\MyCode\Reports\ËØæÁ®ãÊÄªÁªìÊä•Âëä-ËÆ≤Â∫ß/main.aux)
Package atveryend Info: Executing hook `AtVeryEndDocument' on input line 239.
Package atveryend Info: Executing hook `AtEndAfterFileList' on input line 239.
Package rerunfilecheck Info: File `main.out' has not changed.
(rerunfilecheck)             Checksum: 1B2B79770B18F989B8E5A8A05339D1E9;554.


LaTeX Warning: There were multiply-defined labels.

 ) 
Here is how much of TeX's memory you used:
 17323 strings out of 480608
 273996 string characters out of 5907536
 528096 words of memory out of 5000000
 32576 multiletter control sequences out of 15000+600000
 583518 words of font info for 212 fonts, out of 8000000 for 9000
 1141 hyphenation exceptions out of 8191
 46i,8n,77p,1100b,557s stack positions out of 5000i,500n,10000p,200000b,80000s
<c:/Windows/Fonts/simkai.ttf><c:/Windows/Fonts/simkai.ttf><c:/Windows/Fonts/simkai.ttf>{f:/texlive/2020/texmf-dist/fonts/enc/dvips/cm-super/cm-super-ts1.enc}<c:/Windows/Fonts/simkai.ttf><c:/Windows/Fonts/simkai.ttf><c:/Windows/Fonts/simkai.ttf><c:/Windows/Fonts/simkai.ttf><c:/Windows/Fonts/simhei.ttf><c:/Windows/Fonts/simhei.ttf><c:/Windows/Fonts/simhei.ttf><c:/Windows/Fonts/simsun.ttc><c:/Windows/Fonts/simsun.ttc><c:/Windows/Fonts/simhei.ttf><c:/Windows/Fonts/simhei.ttf><c:/Windows/Fonts/simhei.ttf><c:/Windows/Fonts/simhei.ttf><c:/Windows/Fonts/simsun.ttc><c:/Windows/Fonts/simsun.ttc><c:/Windows/Fonts/simsun.ttc><c:/Windows/Fonts/simsun.ttc><c:/Windows/Fonts/simsun.ttc><c:/Windows/Fonts/simsun.ttc><c:/Windows/Fonts/simsun.ttc><c:/Windows/Fonts/simsun.ttc><c:/Windows/Fonts/simsun.ttc><c:/Windows/Fonts/simsun.ttc><c:/Windows/Fonts/simhei.ttf><c:/Windows/Fonts/simhei.ttf><c:/Windows/Fonts/simhei.ttf><c:/Windows/Fonts/simhei.ttf><c:/Windows/Fonts/simsun.ttc><c:/Windows/Fonts/simsun.ttc><c:/Windows/Fonts/simsun.ttc><c:/Windows/Fonts/simsun.ttc><c:/Windows/Fonts/simsun.ttc><c:/Windows/Fonts/simsun.ttc><c:/Windows/Fonts/simsun.ttc><c:/Windows/Fonts/simsun.ttc><c:/Windows/Fonts/simsun.ttc><c:/Windows/Fonts/simsun.ttc><c:/Windows/Fonts/simsun.ttc><c:/Windows/Fonts/simsun.ttc><c:/Windows/Fonts/simsun.ttc><c:/Windows/Fonts/simsun.ttc><c:/Windows/Fonts/simsun.ttc><c:/Windows/Fonts/simsun.ttc><c:/Windows/Fonts/simsun.ttc><c:/Windows/Fonts/simsun.ttc><c:/Windows/Fonts/simsun.ttc><c:/Windows/Fonts/simhei.ttf><c:/Windows/Fonts/simhei.ttf><c:/Windows/Fonts/simhei.ttf><c:/Windows/Fonts/simhei.ttf><c:/Windows/Fonts/simhei.ttf><c:/Windows/Fonts/simsun.ttc><c:/Windows/Fonts/simsun.ttc><c:/Windows/Fonts/simsun.ttc><c:/Windows/Fonts/simsun.ttc><c:/Windows/Fonts/simsun.ttc><c:/Windows/Fonts/simsun.ttc><c:/Windows/Fonts/simsun.ttc><c:/Windows/Fonts/simsun.ttc><c:/Windows/Fonts/simsun.ttc><c:/Windows/Fonts/simsun.ttc><c:/Windows/Fonts/simsun.ttc><c:/Windows/Fonts/simsun.ttc><c:/Windows/Fonts/simsun.ttc><c:/Windows/Fonts/simsun.ttc><c:/Windows/Fonts/simsun.ttc><c:/Windows/Fonts/simhei.ttf><c:/Windows/Fonts/simhei.ttf><c:/Windows/Fonts/simsun.ttc><c:/Windows/Fonts/simsun.ttc><c:/Windows/Fonts/simsun.ttc><c:/Windows/Fonts/simsun.ttc><c:/Windows/Fonts/simsun.ttc><c:/Windows/Fonts/simsun.ttc><c:/Windows/Fonts/simsun.ttc><c:/Windows/Fonts/simsun.ttc><c:/Windows/Fonts/simsun.ttc><c:/Windows/Fonts/simsun.ttc><c:/Windows/Fonts/simsun.ttc><c:/Windows/Fonts/simsun.ttc><c:/Windows/Fonts/simsun.ttc><c:/Windows/Fonts/simsun.ttc><c:/Windows/Fonts/simsun.ttc><c:/Windows/Fonts/simsun.ttc><c:/Windows/Fonts/simsun.ttc><c:/Windows/Fonts/simsun.ttc><c:/Windows/Fonts/simsun.ttc><c:/Windows/Fonts/simsun.ttc><c:/Windows/Fonts/simsun.ttc><c:/Windows/Fonts/simsun.ttc><c:/Windows/Fonts/simsun.ttc><c:/Windows/Fonts/simsun.ttc><c:/Windows/Fonts/simsun.ttc><c:/Windows/Fonts/simsun.ttc><c:/Windows/Fonts/simsun.ttc><c:/Windows/Fonts/simsun.ttc><c:/Windows/Fonts/simsun.ttc><c:/Windows/Fonts/simhei.ttf><c:/Windows/Fonts/simhei.ttf><c:/Windows/Fonts/simhei.ttf><c:/Windows/Fonts/simhei.ttf><c:/Windows/Fonts/simhei.ttf><c:/Windows/Fonts/simhei.ttf><c:/Windows/Fonts/simhei.ttf><c:/Windows/Fonts/simhei.ttf><c:/Windows/Fonts/simhei.ttf><c:/Windows/Fonts/simhei.ttf><c:/Windows/Fonts/simhei.ttf><c:/Windows/Fonts/simhei.ttf><f:/texlive/2020/texmf-dist/fonts/type1/public/amsfonts/cm/cmbx12.pfb><f:/texlive/2020/texmf-dist/fonts/type1/public/amsfonts/cm/cmmi10.pfb><f:/texlive/2020/texmf-dist/fonts/type1/public/amsfonts/cm/cmmi7.pfb><f:/texlive/2020/texmf-dist/fonts/type1/public/amsfonts/cm/cmr10.pfb><f:/texlive/2020/texmf-dist/fonts/type1/public/amsfonts/cm/cmr12.pfb><f:/texlive/2020/texmf-dist/fonts/type1/public/amsfonts/cm/cmr7.pfb><f:/texlive/2020/texmf-dist/fonts/type1/public/amsfonts/cm/cmr9.pfb><f:/texlive/2020/texmf-dist/fonts/type1/public/amsfonts/cm/cmsy10.pfb><f:/texlive/2020/texmf-dist/fonts/type1/public/amsfonts/cm/cmsy7.pfb><f:/texlive/2020/texmf-dist/fonts/type1/public/amsfonts/cm/cmti10.pfb><f:/texlive/2020/texmf-dist/fonts/type1/public/amsfonts/cm/cmtt10.pfb><f:/texlive/2020/texmf-dist/fonts/type1/public/cm-super/sfrm1000.pfb><f:/texlive/2020/texmf-dist/fonts/type1/public/cm-super/sfti1000.pfb>
Output written on c:\Users\Â∫∑Â∫∑\Desktop\MyCode\Reports\ËØæÁ®ãÊÄªÁªìÊä•Âëä-ËÆ≤Â∫ß/main.pdf (9 pages, 3024790 bytes).
PDF statistics:
 702 PDF objects out of 1000 (max. 8388607)
 471 compressed objects within 5 object streams
 34 named destinations out of 1000 (max. 500000)
 394 words of extra memory for PDF output out of 10000 (max. 10000000)

