This is pdfTeX, Version 3.14159265-2.6-1.40.20 (TeX Live 2019/W32TeX) (preloaded format=pdflatex 2019.12.25)  31 DEC 2019 13:30
entering extended mode
 restricted \write18 enabled.
 file:line:error style messages enabled.
 %&-line parsing enabled.
**c:/Users/tiank/OneDrive/Œƒµµ/º∆À„ø∆—ßµº¬€ƒ£∞Â/º∆À„ø∆—ßµº¬€-øŒ≥Ã◊‹Ω·±®∏Ê-latexƒ£∞Â/main.tex
(c:/Users/tiank/OneDrive/Œƒµµ/º∆À„ø∆—ßµº¬€ƒ£∞Â/º∆À„ø∆—ßµº¬€-øŒ≥Ã◊‹Ω·±®∏Ê-latexƒ£∞Â/main.tex
LaTeX2e <2018-12-01>
(e:/texlive/2019/texmf-dist/tex/latex/base/article.cls
Document Class: article 2018/09/03 v1.4i Standard LaTeX document class
(e:/texlive/2019/texmf-dist/tex/latex/base/size10.clo
File: size10.clo 2018/09/03 v1.4i Standard LaTeX file (size option)
)
\c@part=\count80
\c@section=\count81
\c@subsection=\count82
\c@subsubsection=\count83
\c@paragraph=\count84
\c@subparagraph=\count85
\c@figure=\count86
\c@table=\count87
\abovecaptionskip=\skip41
\belowcaptionskip=\skip42
\bibindent=\dimen102
) (e:/texlive/2019/texmf-dist/tex/latex/ctex/ctex.sty (e:/texlive/2019/texmf-dist/tex/latex/l3kernel/expl3.sty
Package: expl3 2019-04-06 L3 programming layer (loader) 
 (e:/texlive/2019/texmf-dist/tex/latex/l3kernel/expl3-code.tex
Package: expl3 2019-04-06 L3 programming layer (code)
\c_max_int=\count88
\l_tmpa_int=\count89
\l_tmpb_int=\count90
\g_tmpa_int=\count91
\g_tmpb_int=\count92
\g__kernel_prg_map_int=\count93
\c__ior_term_ior=\count94
\c_log_iow=\count95
\l_iow_line_count_int=\count96
\l__iow_line_target_int=\count97
\l__iow_one_indent_int=\count98
\l__iow_indent_int=\count99
\c_zero_dim=\dimen103
\c_max_dim=\dimen104
\l_tmpa_dim=\dimen105
\l_tmpb_dim=\dimen106
\g_tmpa_dim=\dimen107
\g_tmpb_dim=\dimen108
\c_zero_skip=\skip43
\c_max_skip=\skip44
\l_tmpa_skip=\skip45
\l_tmpb_skip=\skip46
\g_tmpa_skip=\skip47
\g_tmpb_skip=\skip48
\c_zero_muskip=\muskip10
\c_max_muskip=\muskip11
\l_tmpa_muskip=\muskip12
\l_tmpb_muskip=\muskip13
\g_tmpa_muskip=\muskip14
\g_tmpb_muskip=\muskip15
\l_keys_choice_int=\count100
\l__intarray_loop_int=\count101
\c__intarray_sp_dim=\dimen109
\g__intarray_font_int=\count102
\c__fp_leading_shift_int=\count103
\c__fp_middle_shift_int=\count104
\c__fp_trailing_shift_int=\count105
\c__fp_big_leading_shift_int=\count106
\c__fp_big_middle_shift_int=\count107
\c__fp_big_trailing_shift_int=\count108
\c__fp_Bigg_leading_shift_int=\count109
\c__fp_Bigg_middle_shift_int=\count110
\c__fp_Bigg_trailing_shift_int=\count111
\c__kernel_randint_max_int=\count112
\g__fp_array_int=\count113
\l__fp_array_loop_int=\count114
\l__sort_length_int=\count115
\l__sort_min_int=\count116
\l__sort_top_int=\count117
\l__sort_max_int=\count118
\l__sort_true_max_int=\count119
\l__sort_block_int=\count120
\l__sort_begin_int=\count121
\l__sort_end_int=\count122
\l__sort_A_int=\count123
\l__sort_B_int=\count124
\l__sort_C_int=\count125
\l__tl_analysis_normal_int=\count126
\l__tl_analysis_index_int=\count127
\l__tl_analysis_nesting_int=\count128
\l__tl_analysis_type_int=\count129
\l__regex_internal_a_int=\count130
\l__regex_internal_b_int=\count131
\l__regex_internal_c_int=\count132
\l__regex_balance_int=\count133
\l__regex_group_level_int=\count134
\l__regex_mode_int=\count135
\c__regex_cs_in_class_mode_int=\count136
\c__regex_cs_mode_int=\count137
\l__regex_catcodes_int=\count138
\l__regex_default_catcodes_int=\count139
\c__regex_catcode_D_int=\count140
\c__regex_catcode_S_int=\count141
\c__regex_catcode_L_int=\count142
\c__regex_catcode_O_int=\count143
\c__regex_catcode_A_int=\count144
\c__regex_all_catcodes_int=\count145
\l__regex_show_lines_int=\count146
\l__regex_min_state_int=\count147
\l__regex_max_state_int=\count148
\l__regex_left_state_int=\count149
\l__regex_right_state_int=\count150
\l__regex_capturing_group_int=\count151
\l__regex_min_pos_int=\count152
\l__regex_max_pos_int=\count153
\l__regex_curr_pos_int=\count154
\l__regex_start_pos_int=\count155
\l__regex_success_pos_int=\count156
\l__regex_curr_char_int=\count157
\l__regex_curr_catcode_int=\count158
\l__regex_last_char_int=\count159
\l__regex_case_changed_char_int=\count160
\l__regex_curr_state_int=\count161
\l__regex_step_int=\count162
\l__regex_min_active_int=\count163
\l__regex_max_active_int=\count164
\l__regex_replacement_csnames_int=\count165
\l__regex_match_count_int=\count166
\l__regex_min_submatch_int=\count167
\l__regex_submatch_int=\count168
\l__regex_zeroth_submatch_int=\count169
\g__regex_trace_regex_int=\count170
\c_empty_box=\box27
\l_tmpa_box=\box28
\l_tmpb_box=\box29
\g_tmpa_box=\box30
\g_tmpb_box=\box31
\l__box_top_dim=\dimen110
\l__box_bottom_dim=\dimen111
\l__box_left_dim=\dimen112
\l__box_right_dim=\dimen113
\l__box_top_new_dim=\dimen114
\l__box_bottom_new_dim=\dimen115
\l__box_left_new_dim=\dimen116
\l__box_right_new_dim=\dimen117
\l__box_internal_box=\box32
\l__coffin_internal_box=\box33
\l__coffin_internal_dim=\dimen118
\l__coffin_offset_x_dim=\dimen119
\l__coffin_offset_y_dim=\dimen120
\l__coffin_x_dim=\dimen121
\l__coffin_y_dim=\dimen122
\l__coffin_x_prime_dim=\dimen123
\l__coffin_y_prime_dim=\dimen124
\c_empty_coffin=\box34
\l__coffin_aligned_coffin=\box35
\l__coffin_aligned_internal_coffin=\box36
\l_tmpa_coffin=\box37
\l_tmpb_coffin=\box38
\g_tmpa_coffin=\box39
\g_tmpb_coffin=\box40
\l__coffin_bounding_shift_dim=\dimen125
\l__coffin_left_corner_dim=\dimen126
\l__coffin_right_corner_dim=\dimen127
\l__coffin_bottom_corner_dim=\dimen128
\l__coffin_top_corner_dim=\dimen129
\l__coffin_scaled_total_height_dim=\dimen130
\l__coffin_scaled_width_dim=\dimen131
\c__coffin_empty_coffin=\box41
\l__coffin_display_coffin=\box42
\l__coffin_display_coord_coffin=\box43
\l__coffin_display_pole_coffin=\box44
\l__coffin_display_offset_dim=\dimen132
\l__coffin_display_x_dim=\dimen133
\l__coffin_display_y_dim=\dimen134
\g__file_internal_ior=\read1
\l__seq_internal_a_int=\count171
\l__seq_internal_b_int=\count172
\c__deprecation_minus_one=\count173
) (e:/texlive/2019/texmf-dist/tex/latex/l3kernel/l3pdfmode.def
File: l3pdfmode.def 2019-04-06 v L3 Experimental driver: PDF mode
\l__driver_color_stack_int=\count174
))
Package: ctex 2019/04/07 v2.4.15 Chinese adapter in LaTeX (CTEX)
 (e:/texlive/2019/texmf-dist/tex/latex/l3packages/xparse/xparse.sty
Package: xparse 2019-03-05 L3 Experimental document command parser
\l__xparse_current_arg_int=\count175
\g__xparse_grabber_int=\count176
\l__xparse_m_args_int=\count177
\l__xparse_v_nesting_int=\count178
) (e:/texlive/2019/texmf-dist/tex/latex/l3packages/l3keys2e/l3keys2e.sty
Package: l3keys2e 2019-03-05 LaTeX2e option processing using LaTeX3 keys
) (e:/texlive/2019/texmf-dist/tex/latex/ctex/ctexhook.sty
Package: ctexhook 2019/04/07 v2.4.15 Document and package hooks (CTEX)
) (e:/texlive/2019/texmf-dist/tex/latex/ctex/ctexpatch.sty
Package: ctexpatch 2019/04/07 v2.4.15 Patching commands (CTEX)
) (e:/texlive/2019/texmf-dist/tex/latex/base/fix-cm.sty
Package: fix-cm 2015/01/14 v1.1t fixes to LaTeX
 (e:/texlive/2019/texmf-dist/tex/latex/base/ts1enc.def
File: ts1enc.def 2001/06/05 v3.0e (jk/car/fm) Standard LaTeX file
Now handling font encoding TS1 ...
... processing UTF-8 mapping file for font encoding TS1
 (e:/texlive/2019/texmf-dist/tex/latex/base/ts1enc.dfu
File: ts1enc.dfu 2018/10/05 v1.2f UTF-8 support for inputenc
   defining Unicode char U+00A2 (decimal 162)
   defining Unicode char U+00A3 (decimal 163)
   defining Unicode char U+00A4 (decimal 164)
   defining Unicode char U+00A5 (decimal 165)
   defining Unicode char U+00A6 (decimal 166)
   defining Unicode char U+00A7 (decimal 167)
   defining Unicode char U+00A8 (decimal 168)
   defining Unicode char U+00A9 (decimal 169)
   defining Unicode char U+00AA (decimal 170)
   defining Unicode char U+00AC (decimal 172)
   defining Unicode char U+00AE (decimal 174)
   defining Unicode char U+00AF (decimal 175)
   defining Unicode char U+00B0 (decimal 176)
   defining Unicode char U+00B1 (decimal 177)
   defining Unicode char U+00B2 (decimal 178)
   defining Unicode char U+00B3 (decimal 179)
   defining Unicode char U+00B4 (decimal 180)
   defining Unicode char U+00B5 (decimal 181)
   defining Unicode char U+00B6 (decimal 182)
   defining Unicode char U+00B7 (decimal 183)
   defining Unicode char U+00B9 (decimal 185)
   defining Unicode char U+00BA (decimal 186)
   defining Unicode char U+00BC (decimal 188)
   defining Unicode char U+00BD (decimal 189)
   defining Unicode char U+00BE (decimal 190)
   defining Unicode char U+00D7 (decimal 215)
   defining Unicode char U+00F7 (decimal 247)
   defining Unicode char U+0192 (decimal 402)
   defining Unicode char U+02C7 (decimal 711)
   defining Unicode char U+02D8 (decimal 728)
   defining Unicode char U+02DD (decimal 733)
   defining Unicode char U+0E3F (decimal 3647)
   defining Unicode char U+2016 (decimal 8214)
   defining Unicode char U+2020 (decimal 8224)
   defining Unicode char U+2021 (decimal 8225)
   defining Unicode char U+2022 (decimal 8226)
   defining Unicode char U+2030 (decimal 8240)
   defining Unicode char U+2031 (decimal 8241)
   defining Unicode char U+203B (decimal 8251)
   defining Unicode char U+203D (decimal 8253)
   defining Unicode char U+2044 (decimal 8260)
   defining Unicode char U+204E (decimal 8270)
   defining Unicode char U+2052 (decimal 8274)
   defining Unicode char U+20A1 (decimal 8353)
   defining Unicode char U+20A4 (decimal 8356)
   defining Unicode char U+20A6 (decimal 8358)
   defining Unicode char U+20A9 (decimal 8361)
   defining Unicode char U+20AB (decimal 8363)
   defining Unicode char U+20AC (decimal 8364)
   defining Unicode char U+20B1 (decimal 8369)
   defining Unicode char U+2103 (decimal 8451)
   defining Unicode char U+2116 (decimal 8470)
   defining Unicode char U+2117 (decimal 8471)
   defining Unicode char U+211E (decimal 8478)
   defining Unicode char U+2120 (decimal 8480)
   defining Unicode char U+2122 (decimal 8482)
   defining Unicode char U+2126 (decimal 8486)
   defining Unicode char U+2127 (decimal 8487)
   defining Unicode char U+212E (decimal 8494)
   defining Unicode char U+2190 (decimal 8592)
   defining Unicode char U+2191 (decimal 8593)
   defining Unicode char U+2192 (decimal 8594)
   defining Unicode char U+2193 (decimal 8595)
   defining Unicode char U+2329 (decimal 9001)
   defining Unicode char U+232A (decimal 9002)
   defining Unicode char U+2422 (decimal 9250)
   defining Unicode char U+25E6 (decimal 9702)
   defining Unicode char U+25EF (decimal 9711)
   defining Unicode char U+266A (decimal 9834)
   defining Unicode char U+FEFF (decimal 65279)
))) (e:/texlive/2019/texmf-dist/tex/latex/ms/everysel.sty
Package: everysel 2011/10/28 v1.2 EverySelectfont Package (MS)
)
\l__ctex_tmp_int=\count179
\l__ctex_tmp_box=\box45
\l__ctex_tmp_dim=\dimen135
\g__ctex_section_depth_int=\count180
\g__ctex_font_size_int=\count181
 (e:/texlive/2019/texmf-dist/tex/latex/ctex/config/ctexopts.cfg
File: ctexopts.cfg 2019/04/07 v2.4.15 Option configuration file (CTEX)
) (e:/texlive/2019/texmf-dist/tex/latex/ctex/engine/ctex-engine-pdftex.def
File: ctex-engine-pdftex.def 2019/04/07 v2.4.15 (pdf)LaTeX adapter (CTEX)
 (e:/texlive/2019/texmf-dist/tex/latex/cjk/texinput/CJKutf8.sty
Package: CJKutf8 2015/04/18 4.8.4
 (e:/texlive/2019/texmf-dist/tex/generic/oberdiek/ifpdf.sty
Package: ifpdf 2018/09/07 v3.3 Provides the ifpdf switch
) (e:/texlive/2019/texmf-dist/tex/latex/base/inputenc.sty
Package: inputenc 2018/08/11 v1.3c Input encoding file
\inpenc@prehook=\toks14
\inpenc@posthook=\toks15
) (e:/texlive/2019/texmf-dist/tex/latex/cjk/texinput/CJK.sty
Package: CJK 2015/04/18 4.8.4
 (e:/texlive/2019/texmf-dist/tex/latex/cjk/texinput/mule/MULEenc.sty
Package: MULEenc 2015/04/18 4.8.4
) (e:/texlive/2019/texmf-dist/tex/latex/cjk/texinput/CJK.enc
File: CJK.enc 2015/04/18 4.8.4
Now handling font encoding C00 ...
... no UTF-8 mapping file for font encoding C00
Now handling font encoding C05 ...
... no UTF-8 mapping file for font encoding C05
Now handling font encoding C09 ...
... no UTF-8 mapping file for font encoding C09
Now handling font encoding C10 ...
... no UTF-8 mapping file for font encoding C10
Now handling font encoding C20 ...
... no UTF-8 mapping file for font encoding C20
Now handling font encoding C19 ...
... no UTF-8 mapping file for font encoding C19
Now handling font encoding C40 ...
... no UTF-8 mapping file for font encoding C40
Now handling font encoding C42 ...
... no UTF-8 mapping file for font encoding C42
Now handling font encoding C43 ...
... no UTF-8 mapping file for font encoding C43
Now handling font encoding C50 ...
... no UTF-8 mapping file for font encoding C50
Now handling font encoding C52 ...
... no UTF-8 mapping file for font encoding C52
Now handling font encoding C49 ...
... no UTF-8 mapping file for font encoding C49
Now handling font encoding C60 ...
... no UTF-8 mapping file for font encoding C60
Now handling font encoding C61 ...
... no UTF-8 mapping file for font encoding C61
Now handling font encoding C63 ...
... no UTF-8 mapping file for font encoding C63
Now handling font encoding C64 ...
... no UTF-8 mapping file for font encoding C64
Now handling font encoding C65 ...
... no UTF-8 mapping file for font encoding C65
Now handling font encoding C70 ...
... no UTF-8 mapping file for font encoding C70
Now handling font encoding C31 ...
... no UTF-8 mapping file for font encoding C31
Now handling font encoding C32 ...
... no UTF-8 mapping file for font encoding C32
Now handling font encoding C33 ...
... no UTF-8 mapping file for font encoding C33
Now handling font encoding C34 ...
... no UTF-8 mapping file for font encoding C34
Now handling font encoding C35 ...
... no UTF-8 mapping file for font encoding C35
Now handling font encoding C36 ...
... no UTF-8 mapping file for font encoding C36
Now handling font encoding C37 ...
... no UTF-8 mapping file for font encoding C37
Now handling font encoding C80 ...
... no UTF-8 mapping file for font encoding C80
Now handling font encoding C81 ...
... no UTF-8 mapping file for font encoding C81
Now handling font encoding C01 ...
... no UTF-8 mapping file for font encoding C01
Now handling font encoding C11 ...
... no UTF-8 mapping file for font encoding C11
Now handling font encoding C21 ...
... no UTF-8 mapping file for font encoding C21
Now handling font encoding C41 ...
... no UTF-8 mapping file for font encoding C41
Now handling font encoding C62 ...
... no UTF-8 mapping file for font encoding C62
)
LaTeX Info: Redefining \selectfont on input line 755.
\CJK@indent=\box46
) (e:/texlive/2019/texmf-dist/tex/latex/base/fontenc.sty
Package: fontenc 2018/08/11 v2.0j Standard LaTeX package
)) (e:/texlive/2019/texmf-dist/tex/latex/cjkpunct/CJKpunct.sty
Package: CJKpunct 2016/05/14 4.8.4
\CJKpunct@cnta=\count182
\CJKpunct@cntb=\count183
\CJKpunct@cntc=\count184
\CJKpunct@cntd=\count185
\CJKpunct@cnte=\count186
   defining Unicode char U+2018 (decimal 8216)
   defining Unicode char U+2019 (decimal 8217)
   defining Unicode char U+201C (decimal 8220)
   defining Unicode char U+201D (decimal 8221)
   defining Unicode char U+2014 (decimal 8212)
   defining Unicode char U+2026 (decimal 8230)
 (e:/texlive/2019/texmf-dist/tex/latex/cjkpunct/CJKpunct.spa)) (e:/texlive/2019/texmf-dist/tex/latex/cjk/texinput/CJKspace.sty
Package: CJKspace 2015/04/18 3.8.0
) (e:/texlive/2019/texmf-dist/tex/latex/ctex/ctexspa.def
File: ctexspa.def 2019/04/07 v2.4.15 Space info for CJKpunct (CTEX)
) (e:/texlive/2019/texmf-dist/tex/latex/cjk/texinput/CJKfntef.sty
Package: CJKfntef 2015/04/18 4.8.4
 (e:/texlive/2019/texmf-dist/tex/latex/cjk/texinput/CJKulem.sty
Package: CJKulem 2015/04/18 4.8.4
 (e:/texlive/2019/texmf-dist/tex/generic/ulem/ulem.sty
\UL@box=\box47
\UL@hyphenbox=\box48
\UL@skip=\skip49
\UL@hook=\toks16
\UL@height=\dimen136
\UL@pe=\count187
\UL@pixel=\dimen137
\ULC@box=\box49
Package: ulem 2012/05/18
\ULdepth=\dimen138
)
\UL@lastkern=\dimen139
\CJK@skip=\skip50
)
\CJK@fntefSkip=\skip51
\CJK@nest=\count188
\CJK@fntefDimen=\dimen140
\CJK@underdotBox=\box50
\CJK@ULbox=\box51
\CJK@underanyskip=\dimen141
)
\ccwd=\dimen142
\l__ctex_ccglue_skip=\skip52
)
\l__ctex_ziju_dim=\dimen143
 (e:/texlive/2019/texmf-dist/tex/latex/zhnumber/zhnumber.sty
Package: zhnumber 2019/04/07 v2.7 Typesetting numbers with Chinese glyphs
\l__zhnum_scale_int=\count189
\l__zhnum_byte_min_int=\count190
\l__zhnum_byte_max_int=\count191
 (e:/texlive/2019/texmf-dist/tex/latex/zhnumber/zhnumber-utf8.cfg
File: zhnumber-utf8.cfg 2019/04/07 v2.7 Chinese numerals with UTF8 encoding
)) (e:/texlive/2019/texmf-dist/tex/latex/ctex/scheme/ctex-scheme-chinese.def
File: ctex-scheme-chinese.def 2019/04/07 v2.4.15 Chinese scheme for generic (CTEX)
 (e:/texlive/2019/texmf-dist/tex/latex/ctex/config/ctex-name-utf8.cfg
File: ctex-name-utf8.cfg 2019/04/07 v2.4.15 Caption with encoding UTF8 (CTEX)
)) (e:/texlive/2019/texmf-dist/tex/latex/tools/indentfirst.sty
Package: indentfirst 1995/11/23 v1.03 Indent first paragraph (DPC)
) (e:/texlive/2019/texmf-dist/tex/latex/ctex/ctex-c5size.clo
File: ctex-c5size.clo 2019/04/07 v2.4.15 c5size option (CTEX)
) (e:/texlive/2019/texmf-dist/tex/latex/ctex/fontset/ctex-fontset-windows.def
File: ctex-fontset-windows.def 2019/04/07 v2.4.15 Windows fonts definition (CTEX)
 (e:/texlive/2019/texmf-dist/tex/latex/ctex/fontset/ctex-fontset-windowsnew.def
File: ctex-fontset-windowsnew.def 2019/04/07 v2.4.15 Windows fonts definition for Vista or later version (CTEX)
 (e:/texlive/2019/texmf-dist/tex/generic/ctex/zhwindowsfonts.tex
File: zhwindowsfonts.tex 2019/04/07 v2.4.15 Windows font map loader for pdfTeX and DVIPDFMx (CTEX)
{e:/texlive/2019/texmf-var/fonts/map/pdftex/updmap/pdftex.map}{UGBK.sfd}{Unicode.sfd})))) (e:/texlive/2019/texmf-dist/tex/latex/ctex/config/ctex.cfg
File: ctex.cfg 2019/04/07 v2.4.15 Configuration file (CTEX)
) (e:/texlive/2019/texmf-dist/tex/latex/geometry/geometry.sty
Package: geometry 2018/04/16 v5.8 Page Geometry
 (e:/texlive/2019/texmf-dist/tex/latex/graphics/keyval.sty
Package: keyval 2014/10/28 v1.15 key=value parser (DPC)
\KV@toks@=\toks17
) (e:/texlive/2019/texmf-dist/tex/generic/oberdiek/ifvtex.sty
Package: ifvtex 2016/05/16 v1.6 Detect VTeX and its facilities (HO)
Package ifvtex Info: VTeX not detected.
) (e:/texlive/2019/texmf-dist/tex/generic/ifxetex/ifxetex.sty
Package: ifxetex 2010/09/12 v0.6 Provides ifxetex conditional
)
\Gm@cnth=\count192
\Gm@cntv=\count193
\c@Gm@tempcnt=\count194
\Gm@bindingoffset=\dimen144
\Gm@wd@mp=\dimen145
\Gm@odd@mp=\dimen146
\Gm@even@mp=\dimen147
\Gm@layoutwidth=\dimen148
\Gm@layoutheight=\dimen149
\Gm@layouthoffset=\dimen150
\Gm@layoutvoffset=\dimen151
\Gm@dimlist=\toks18
) (e:/texlive/2019/texmf-dist/tex/latex/natbib/natbib.sty
Package: natbib 2010/09/13 8.31b (PWD, AO)
\bibhang=\skip53
\bibsep=\skip54
LaTeX Info: Redefining \cite on input line 694.
\c@NAT@ctr=\count195
) (e:/texlive/2019/texmf-dist/tex/latex/graphics/graphicx.sty
Package: graphicx 2017/06/01 v1.1a Enhanced LaTeX Graphics (DPC,SPQR)
 (e:/texlive/2019/texmf-dist/tex/latex/graphics/graphics.sty
Package: graphics 2017/06/25 v1.2c Standard LaTeX Graphics (DPC,SPQR)
 (e:/texlive/2019/texmf-dist/tex/latex/graphics/trig.sty
Package: trig 2016/01/03 v1.10 sin cos tan (DPC)
) (e:/texlive/2019/texmf-dist/tex/latex/graphics-cfg/graphics.cfg
File: graphics.cfg 2016/06/04 v1.11 sample graphics configuration
)
Package graphics Info: Driver file: pdftex.def on input line 99.
 (e:/texlive/2019/texmf-dist/tex/latex/graphics-def/pdftex.def
File: pdftex.def 2018/01/08 v1.0l Graphics/color driver for pdftex
))
\Gin@req@height=\dimen152
\Gin@req@width=\dimen153
) (e:/texlive/2019/texmf-dist/tex/latex/setspace/setspace.sty
Package: setspace 2011/12/19 v6.7a set line spacing
) (e:/texlive/2019/texmf-dist/tex/latex/caption/caption2.sty
Package: caption2 2015/09/15 v2.2-100 Customising captions (AR)


Package caption2 Warning: ****************************************************
(caption2)                THIS PACKAGE IS OBSOLETE:
(caption2)                This package attempts to provide an `caption2'
(caption2)                package v2.0/2.1 author environment so that OLD
(caption2)                documents can be successfully processed. It should
(caption2)                NOT be used for NEW documents! New documents should
(caption2)                use the regular `caption' package v3.x instead.
(caption2)                ****************************************************

(e:/texlive/2019/texmf-dist/tex/latex/caption/caption3.sty
Package: caption3 2018/09/12 v1.8c caption3 kernel (AR)
Package caption3 Info: TeX engine: e-TeX on input line 64.
\captionmargin=\dimen154
\captionmargin@=\dimen155
\captionwidth=\dimen156
\caption@tempdima=\dimen157
\caption@indent=\dimen158
\caption@parindent=\dimen159
\caption@hangindent=\dimen160
)
Package caption2 Info: Running in caption2 v2.0 compatibility mode on input line 218.
\captionlinewidth=\dimen161
\realcaptionwidth=\dimen162
) (e:/texlive/2019/texmf-dist/tex/latex/datetime/datetime.sty
Package: datetime 2015/03/20 v2.60 Date Time Package
 (e:/texlive/2019/texmf-dist/tex/latex/etoolbox/etoolbox.sty
Package: etoolbox 2018/08/19 v2.5f e-TeX tools for LaTeX (JAW)
\etb@tempcnta=\count196
) (e:/texlive/2019/texmf-dist/tex/latex/fmtcount/fmtcount.sty
Package: fmtcount 2017/12/24 v3.05
 (e:/texlive/2019/texmf-dist/tex/latex/base/ifthen.sty
Package: ifthen 2014/09/29 v1.1c Standard LaTeX ifthen package (DPC)
) (e:/texlive/2019/texmf-dist/tex/latex/xkeyval/xkeyval.sty
Package: xkeyval 2014/12/03 v2.7a package option processing (HA)
 (e:/texlive/2019/texmf-dist/tex/generic/xkeyval/xkeyval.tex (e:/texlive/2019/texmf-dist/tex/generic/xkeyval/xkvutils.tex
\XKV@toks=\toks19
\XKV@tempa@toks=\toks20
)
\XKV@depth=\count197
File: xkeyval.tex 2014/12/03 v2.7a key=value parser (HA)
)) (e:/texlive/2019/texmf-dist/tex/latex/fmtcount/fcprefix.sty
Package: fcprefix 2012/09/28
 (e:/texlive/2019/texmf-dist/tex/latex/fmtcount/fcnumparser.sty
Package: fcnumparser 2017/06/15
\fc@digit@counter=\count198
)) (e:/texlive/2019/texmf-dist/tex/latex/amsmath/amsgen.sty
File: amsgen.sty 1999/11/30 v2.0 generic functions
\@emptytoks=\toks21
\ex@=\dimen163
)
\c@padzeroesN=\count199
\fc@tmpcatcode=\count266
\@DT@modctr=\count267
\@ordinalctr=\count268
\@orgargctr=\count269
\@strctr=\count270
\@tmpstrctr=\count271
\@DT@loopN=\count272
\@DT@X=\count273
) (e:/texlive/2019/texmf-dist/tex/latex/datetime/datetime-defaults.sty
Package: datetime-defaults 2013/09/10
)
\@day=\count274
\@month=\count275
\@year=\count276
\c@HOUR=\count277
\c@HOURXII=\count278
\c@MINUTE=\count279
\c@TOHOUR=\count280
\c@TOMINUTE=\count281
\c@SECOND=\count282
\currenthour=\count283
\currentminute=\count284
\currentsecond=\count285
Package datetime Info: No datetime.cfg file found, using default settings on input line 308.
\@dtctr=\count286
\dayofyear=\count287
\dayofweek=\count288
LaTeX Info: Redefining \today on input line 736.
\dt@a=\toks22
\dt@b=\toks23
) (e:/texlive/2019/texmf-dist/tex/latex/hyperref/hyperref.sty
Package: hyperref 2018/11/30 v6.88e Hypertext links for LaTeX
 (e:/texlive/2019/texmf-dist/tex/generic/oberdiek/hobsub-hyperref.sty
Package: hobsub-hyperref 2016/05/16 v1.14 Bundle oberdiek, subset hyperref (HO)
 (e:/texlive/2019/texmf-dist/tex/generic/oberdiek/hobsub-generic.sty
Package: hobsub-generic 2016/05/16 v1.14 Bundle oberdiek, subset generic (HO)
Package: hobsub 2016/05/16 v1.14 Construct package bundles (HO)
Package: infwarerr 2016/05/16 v1.4 Providing info/warning/error messages (HO)
Package: ltxcmds 2016/05/16 v1.23 LaTeX kernel commands for general use (HO)
Package: ifluatex 2016/05/16 v1.4 Provides the ifluatex switch (HO)
Package ifluatex Info: LuaTeX not detected.
Package hobsub Info: Skipping package `ifvtex' (already loaded).
Package: intcalc 2016/05/16 v1.2 Expandable calculations with integers (HO)
Package hobsub Info: Skipping package `ifpdf' (already loaded).
Package: etexcmds 2016/05/16 v1.6 Avoid name clashes with e-TeX commands (HO)
Package: kvsetkeys 2016/05/16 v1.17 Key value parser (HO)
Package: kvdefinekeys 2016/05/16 v1.4 Define keys (HO)
Package: pdftexcmds 2018/09/10 v0.29 Utility functions of pdfTeX for LuaTeX (HO)
Package pdftexcmds Info: LuaTeX not detected.
Package pdftexcmds Info: \pdf@primitive is available.
Package pdftexcmds Info: \pdf@ifprimitive is available.
Package pdftexcmds Info: \pdfdraftmode found.
Package: pdfescape 2016/05/16 v1.14 Implements pdfTeX's escape features (HO)
Package: bigintcalc 2016/05/16 v1.4 Expandable calculations on big integers (HO)
Package: bitset 2016/05/16 v1.2 Handle bit-vector datatype (HO)
Package: uniquecounter 2016/05/16 v1.3 Provide unlimited unique counter (HO)
)
Package hobsub Info: Skipping package `hobsub' (already loaded).
Package: letltxmacro 2016/05/16 v1.5 Let assignment for LaTeX macros (HO)
Package: hopatch 2016/05/16 v1.3 Wrapper for package hooks (HO)
Package: xcolor-patch 2016/05/16 xcolor patch
Package: atveryend 2016/05/16 v1.9 Hooks at the very end of document (HO)
Package: atbegshi 2016/06/09 v1.18 At begin shipout hook (HO)
Package: refcount 2016/05/16 v3.5 Data extraction from label references (HO)
Package: hycolor 2016/05/16 v1.8 Color options for hyperref/bookmark (HO)
) (e:/texlive/2019/texmf-dist/tex/latex/oberdiek/auxhook.sty
Package: auxhook 2016/05/16 v1.4 Hooks for auxiliary files (HO)
) (e:/texlive/2019/texmf-dist/tex/latex/oberdiek/kvoptions.sty
Package: kvoptions 2016/05/16 v3.12 Key value format for package options (HO)
)
\@linkdim=\dimen164
\Hy@linkcounter=\count289
\Hy@pagecounter=\count290
 (e:/texlive/2019/texmf-dist/tex/latex/hyperref/pd1enc.def
File: pd1enc.def 2018/11/30 v6.88e Hyperref: PDFDocEncoding definition (HO)
Now handling font encoding PD1 ...
... no UTF-8 mapping file for font encoding PD1
)
\Hy@SavedSpaceFactor=\count291
 (e:/texlive/2019/texmf-dist/tex/latex/latexconfig/hyperref.cfg
File: hyperref.cfg 2002/06/06 v1.2 hyperref configuration of TeXLive
)
Package hyperref Info: Option `unicode' set `true' on input line 4393.
 (e:/texlive/2019/texmf-dist/tex/latex/hyperref/puenc.def
File: puenc.def 2018/11/30 v6.88e Hyperref: PDF Unicode definition (HO)
Now handling font encoding PU ...
... no UTF-8 mapping file for font encoding PU
)
Package hyperref Info: Option `colorlinks' set `true' on input line 4393.
Package hyperref Info: Hyper figures OFF on input line 4519.
Package hyperref Info: Link nesting OFF on input line 4524.
Package hyperref Info: Hyper index ON on input line 4527.
Package hyperref Info: Plain pages OFF on input line 4534.
Package hyperref Info: Backreferencing OFF on input line 4539.
Package hyperref Info: Implicit mode ON; LaTeX internals redefined.
Package hyperref Info: Bookmarks ON on input line 4772.
\c@Hy@tempcnt=\count292
 (e:/texlive/2019/texmf-dist/tex/latex/url/url.sty
\Urlmuskip=\muskip16
Package: url 2013/09/16  ver 3.4  Verb mode for urls, etc.
)
LaTeX Info: Redefining \url on input line 5125.
\XeTeXLinkMargin=\dimen165
\Fld@menulength=\count293
\Field@Width=\dimen166
\Fld@charsize=\dimen167
Package hyperref Info: Hyper figures OFF on input line 6380.
Package hyperref Info: Link nesting OFF on input line 6385.
Package hyperref Info: Hyper index ON on input line 6388.
Package hyperref Info: backreferencing OFF on input line 6395.
Package hyperref Info: Link coloring ON on input line 6398.
Package hyperref Info: Link coloring with OCG OFF on input line 6405.
Package hyperref Info: PDF/A mode OFF on input line 6410.
LaTeX Info: Redefining \ref on input line 6450.
LaTeX Info: Redefining \pageref on input line 6454.
\Hy@abspage=\count294
\c@Item=\count295
\c@Hfootnote=\count296
)
Package hyperref Info: Driver (autodetected): hpdftex.
 (e:/texlive/2019/texmf-dist/tex/latex/hyperref/hpdftex.def
File: hpdftex.def 2018/11/30 v6.88e Hyperref driver for pdfTeX
\Fld@listcount=\count297
\c@bookmark@seq@number=\count298
 (e:/texlive/2019/texmf-dist/tex/latex/oberdiek/rerunfilecheck.sty
Package: rerunfilecheck 2016/05/16 v1.8 Rerun checks for auxiliary files (HO)
Package uniquecounter Info: New unique counter `rerunfilecheck' on input line 282.
)
\Hy@SectionHShift=\skip55
) (e:/texlive/2019/texmf-dist/tex/latex/cjk/texinput/UTF8/UTF8.bdg
File: UTF8.bdg 2015/04/18 4.8.4
) (e:/texlive/2019/texmf-dist/tex/latex/cjk/texinput/UTF8/UTF8.enc
File: UTF8.enc 2015/04/18 4.8.4
) (e:/texlive/2019/texmf-dist/tex/latex/cjk/texinput/UTF8/UTF8.chr
File: UTF8.chr 2015/04/18 4.8.4
) (c:/Users/tiank/OneDrive/Œƒµµ/º∆À„ø∆—ßµº¬€ƒ£∞Â/º∆À„ø∆—ßµº¬€-øŒ≥Ã◊‹Ω·±®∏Ê-latexƒ£∞Â/main.aux

LaTeX Warning: Label `fig:label' multiply defined.


LaTeX Warning: Label `fig:label' multiply defined.


LaTeX Warning: Label `fig:label' multiply defined.


LaTeX Warning: Label `fig:label' multiply defined.


LaTeX Warning: Label `fig:label' multiply defined.


LaTeX Warning: Label `fig:label' multiply defined.


LaTeX Warning: Label `fig:label' multiply defined.


LaTeX Warning: Label `fig:label' multiply defined.

)
\openout1 = `main.aux'.

LaTeX Font Info:    Checking defaults for OML/cmm/m/it on input line 16.
LaTeX Font Info:    ... okay on input line 16.
LaTeX Font Info:    Checking defaults for T1/cmr/m/n on input line 16.
LaTeX Font Info:    ... okay on input line 16.
LaTeX Font Info:    Checking defaults for OT1/cmr/m/n on input line 16.
LaTeX Font Info:    ... okay on input line 16.
LaTeX Font Info:    Checking defaults for OMS/cmsy/m/n on input line 16.
LaTeX Font Info:    ... okay on input line 16.
LaTeX Font Info:    Checking defaults for OMX/cmex/m/n on input line 16.
LaTeX Font Info:    ... okay on input line 16.
LaTeX Font Info:    Checking defaults for U/cmr/m/n on input line 16.
LaTeX Font Info:    ... okay on input line 16.
LaTeX Font Info:    Checking defaults for TS1/cmr/m/n on input line 16.
LaTeX Font Info:    ... okay on input line 16.
LaTeX Font Info:    Checking defaults for C00/song/m/n on input line 16.
LaTeX Font Info:    ... okay on input line 16.
LaTeX Font Info:    Checking defaults for C05/song/m/n on input line 16.
LaTeX Font Info:    ... okay on input line 16.
LaTeX Font Info:    Checking defaults for C09/song/m/n on input line 16.
LaTeX Font Info:    ... okay on input line 16.
LaTeX Font Info:    Checking defaults for C10/song/m/n on input line 16.
LaTeX Font Info:    ... okay on input line 16.
LaTeX Font Info:    Checking defaults for C20/song/m/n on input line 16.
LaTeX Font Info:    ... okay on input line 16.
LaTeX Font Info:    Checking defaults for C19/song/m/n on input line 16.
LaTeX Font Info:    ... okay on input line 16.
LaTeX Font Info:    Checking defaults for C40/song/m/n on input line 16.
LaTeX Font Info:    ... okay on input line 16.
LaTeX Font Info:    Checking defaults for C42/song/m/n on input line 16.
LaTeX Font Info:    ... okay on input line 16.
LaTeX Font Info:    Checking defaults for C43/song/m/n on input line 16.
LaTeX Font Info:    ... okay on input line 16.
LaTeX Font Info:    Checking defaults for C50/song/m/n on input line 16.
LaTeX Font Info:    ... okay on input line 16.
LaTeX Font Info:    Checking defaults for C52/song/m/n on input line 16.
LaTeX Font Info:    ... okay on input line 16.
LaTeX Font Info:    Checking defaults for C49/song/m/n on input line 16.
LaTeX Font Info:    ... okay on input line 16.
LaTeX Font Info:    Checking defaults for C60/mj/m/n on input line 16.
LaTeX Font Info:    ... okay on input line 16.
LaTeX Font Info:    Checking defaults for C61/mj/m/n on input line 16.
LaTeX Font Info:    ... okay on input line 16.
LaTeX Font Info:    Checking defaults for C63/mj/m/n on input line 16.
LaTeX Font Info:    ... okay on input line 16.
LaTeX Font Info:    Checking defaults for C64/mj/m/n on input line 16.
LaTeX Font Info:    ... okay on input line 16.
LaTeX Font Info:    Checking defaults for C65/mj/m/n on input line 16.
LaTeX Font Info:    ... okay on input line 16.
LaTeX Font Info:    Checking defaults for C70/song/m/n on input line 16.
LaTeX Font Info:    ... okay on input line 16.
LaTeX Font Info:    Checking defaults for C31/song/m/n on input line 16.
LaTeX Font Info:    ... okay on input line 16.
LaTeX Font Info:    Checking defaults for C32/song/m/n on input line 16.
LaTeX Font Info:    ... okay on input line 16.
LaTeX Font Info:    Checking defaults for C33/song/m/n on input line 16.
LaTeX Font Info:    ... okay on input line 16.
LaTeX Font Info:    Checking defaults for C34/song/m/n on input line 16.
LaTeX Font Info:    ... okay on input line 16.
LaTeX Font Info:    Checking defaults for C35/song/m/n on input line 16.
LaTeX Font Info:    ... okay on input line 16.
LaTeX Font Info:    Checking defaults for C36/song/m/n on input line 16.
LaTeX Font Info:    ... okay on input line 16.
LaTeX Font Info:    Checking defaults for C37/song/m/n on input line 16.
LaTeX Font Info:    ... okay on input line 16.
LaTeX Font Info:    Checking defaults for C80/song/m/n on input line 16.
LaTeX Font Info:    ... okay on input line 16.
LaTeX Font Info:    Checking defaults for C81/song/m/n on input line 16.
LaTeX Font Info:    ... okay on input line 16.
LaTeX Font Info:    Checking defaults for C01/song/m/n on input line 16.
LaTeX Font Info:    ... okay on input line 16.
LaTeX Font Info:    Checking defaults for C11/song/m/n on input line 16.
LaTeX Font Info:    ... okay on input line 16.
LaTeX Font Info:    Checking defaults for C21/song/m/n on input line 16.
LaTeX Font Info:    ... okay on input line 16.
LaTeX Font Info:    Checking defaults for C41/song/m/n on input line 16.
LaTeX Font Info:    ... okay on input line 16.
LaTeX Font Info:    Checking defaults for C62/song/m/n on input line 16.
LaTeX Font Info:    ... okay on input line 16.
LaTeX Font Info:    Checking defaults for PD1/pdf/m/n on input line 16.
LaTeX Font Info:    ... okay on input line 16.
LaTeX Font Info:    Checking defaults for PU/pdf/m/n on input line 16.
LaTeX Font Info:    ... okay on input line 16.
 ABD: EverySelectfont initializing macros
LaTeX Info: Redefining \selectfont on input line 16.

*geometry* driver: auto-detecting
*geometry* detected driver: pdftex
*geometry* verbose mode - [ preamble ] result:
* driver: pdftex
* paper: <default>
* layout: <same size as paper>
* layoutoffset:(h,v)=(0.0pt,0.0pt)
* modes: 
* h-part:(L,W,R)=(90.47955pt, 433.33589pt, 90.47955pt)
* v-part:(T,H,B)=(72.2698pt, 650.43037pt, 72.2698pt)
* \paperwidth=614.295pt
* \paperheight=794.96999pt
* \textwidth=433.33589pt
* \textheight=650.43037pt
* \oddsidemargin=18.20956pt
* \evensidemargin=18.20956pt
* \topmargin=-37.00018pt
* \headheight=12.0pt
* \headsep=25.0pt
* \topskip=10.0pt
* \footskip=30.0pt
* \marginparwidth=65.0pt
* \marginparsep=11.0pt
* \columnsep=10.0pt
* \skip\footins=9.0pt plus 4.0pt minus 2.0pt
* \hoffset=0.0pt
* \voffset=0.0pt
* \mag=1000
* \@twocolumnfalse
* \@twosidefalse
* \@mparswitchfalse
* \@reversemarginfalse
* (1in=72.27pt=25.4mm, 1cm=28.453pt)

(e:/texlive/2019/texmf-dist/tex/context/base/mkii/supp-pdf.mkii
[Loading MPS to PDF converter (version 2006.09.02).]
\scratchcounter=\count299
\scratchdimen=\dimen168
\scratchbox=\box52
\nofMPsegments=\count300
\nofMParguments=\count301
\everyMPshowfont=\toks24
\MPscratchCnt=\count302
\MPscratchDim=\dimen169
\MPnumerator=\count303
\makeMPintoPDFobject=\count304
\everyMPtoPDFconversion=\toks25
) (e:/texlive/2019/texmf-dist/tex/latex/oberdiek/epstopdf-base.sty
Package: epstopdf-base 2016/05/15 v2.6 Base part for package epstopdf
 (e:/texlive/2019/texmf-dist/tex/latex/oberdiek/grfext.sty
Package: grfext 2016/05/16 v1.2 Manage graphics extensions (HO)
)
Package epstopdf-base Info: Redefining graphics rule for `.eps' on input line 438.
Package grfext Info: Graphics extension search list:
(grfext)             [.pdf,.png,.jpg,.mps,.jpeg,.jbig2,.jb2,.PDF,.PNG,.JPG,.JPEG,.JBIG2,.JB2,.eps]
(grfext)             \AppendGraphicsExtensions on input line 456.
 (e:/texlive/2019/texmf-dist/tex/latex/latexconfig/epstopdf-sys.cfg
File: epstopdf-sys.cfg 2010/07/13 v1.3 Configuration of (r)epstopdf for TeX Live
))
Package caption Info: Begin \AtBeginDocument code.
Package caption Info: End \AtBeginDocument code.
 (e:/texlive/2019/texmf-dist/tex/latex/fmtcount/fc-english.def
File: fc-english.def 2016/01/12
)
\AtBeginShipoutBox=\box53
 (e:/texlive/2019/texmf-dist/tex/latex/graphics/color.sty
Package: color 2016/07/10 v1.1e Standard LaTeX Color (DPC)
 (e:/texlive/2019/texmf-dist/tex/latex/graphics-cfg/color.cfg
File: color.cfg 2016/01/02 v1.6 sample color configuration
)
Package color Info: Driver file: pdftex.def on input line 147.
)
Package hyperref Info: Link coloring ON on input line 16.
 (e:/texlive/2019/texmf-dist/tex/latex/hyperref/nameref.sty
Package: nameref 2016/05/21 v2.44 Cross-referencing by name of section
 (e:/texlive/2019/texmf-dist/tex/generic/oberdiek/gettitlestring.sty
Package: gettitlestring 2016/05/16 v1.5 Cleanup title references (HO)
)
\c@section@level=\count305
)
LaTeX Info: Redefining \ref on input line 16.
LaTeX Info: Redefining \pageref on input line 16.
LaTeX Info: Redefining \nameref on input line 16.
 (c:/Users/tiank/OneDrive/Œƒµµ/º∆À„ø∆—ßµº¬€ƒ£∞Â/º∆À„ø∆—ßµº¬€-øŒ≥Ã◊‹Ω·±®∏Ê-latexƒ£∞Â/main.out) (c:/Users/tiank/OneDrive/Œƒµµ/º∆À„ø∆—ßµº¬€ƒ£∞Â/º∆À„ø∆—ßµº¬€-øŒ≥Ã◊‹Ω·±®∏Ê-latexƒ£∞Â/main.out)
\@outlinefile=\write3
\openout3 = `main.out'.

<upc.png, id=36, 808.52063pt x 199.11891pt>
File: upc.png Graphic file (type png)
<use upc.png>
Package pdftex.def Info: upc.png  used on input line 20.
(pdftex.def)             Requested size: 227.62204pt x 56.05673pt.
LaTeX Font Info:    Try loading font information for C70+zhhei on input line 30.
 (e:/texlive/2019/texmf-dist/tex/latex/zhmetrics/c70zhhei.fd
File: c70zhhei.fd 2009/09/23 4.8.2
)
Package CJKpunct Info: use punctuation spaces for family 'zhhei' with punctstyle (quanjiao) on input line 30.
LaTeX Font Info:    Try loading font information for C70+rm on input line 41.
 (e:/texlive/2019/texmf-dist/tex/latex/ctex/fd/c70rm.fd
File: c70rm.fd 2019/04/07 v2.4.15 Chinese font definition (CTEX)
)
Package CJKpunct Info: use punctuation spaces for family 'rm' with punctstyle (quanjiao) on input line 41.
LaTeX Font Info:    External font `cmex10' loaded for size
(Font)              <14.05249> on input line 41.
LaTeX Font Info:    External font `cmex10' loaded for size
(Font)              <10.53937> on input line 41.
LaTeX Font Info:    External font `cmex10' loaded for size
(Font)              <7.52812> on input line 41.

Overfull \hbox (8.92563pt too wide) in paragraph at lines 54--64
 [][] 
 []

(e:/texlive/2019/texmf-dist/tex/generic/ctex/zhwindowsfonts.tex
File: zhwindowsfonts.tex 2019/04/07 v2.4.15 Windows font map loader for pdfTeX and DVIPDFMx (CTEX)
) [1

 <c:/Users/tiank/OneDrive/Œƒµµ/º∆À„ø∆—ßµº¬€ƒ£∞Â/º∆À„ø∆—ßµº¬€-øŒ≥Ã◊‹Ω·±®∏Ê-latexƒ£∞Â/upc.png>]
LaTeX Font Info:    Try loading font information for OMS+cmr on input line 95.
 (e:/texlive/2019/texmf-dist/tex/latex/base/omscmr.fd
File: omscmr.fd 2014/09/29 v2.5h Standard LaTeX font definitions
)
LaTeX Font Info:    Font shape `OMS/cmr/m/n' in size <10.53937> not available
(Font)              Font shape `OMS/cmsy/m/n' tried instead on input line 95.
pdfTeX warning (ext4): destination with the same identifier (name{page.1}) has been already used, duplicate ignored
<to be read again> 
                   \relax 
l.97 ...õ¥Âº∫ÔºåÊúâÊõ¥Ê∑±ÂéöÁöÑÂéÜÂè≤ÁßØÊ∑Ä„ÄÇ\par
                                                   [1]
Overfull \hbox (22.65553pt too wide) in paragraph at lines 135--139
[]\C70/rm/m/n/10.53937/62 ^^Q \C70/rm/m/n/10.53937/73 ∞ \C70/rm/m/n/10.53937/57 ( \C70/rm/m/n/10.53937/6b c \C70/rm/m/n/10.53937/57 ( \C70/rm/m/n/10.53937/53 ¬ \C70/rm/m/n/10.53937/4e ^^N |\C70/rm/m/n/10.53937/20 ^^\|\C70/rm/m/n/10.53937/57 ˙ \C70/rm/m/n/10.53937/4e é \C70/rm/m/n/10.53937/66 ó \C70/rm/m/n/10.53937/90 ^^Z S \C70/rm/m/n/10.53937/51 H \C70/rm/m/n/10.53937/9a å \C70/rm/m/n/10.53937/76 Ñ \C70/rm/m/n/10.53937/56 ˛ \C70/rm/m/n/10.53937/50 œ \C70/rm/m/n/10.53937/53 ª \C70/rm/m/n/10.53937/96 ˛|\C70/rm/m/n/10.53937/20 ^^]| \C70/rm/m/n/10.53937/59 ' \C70/rm/m/n/10.53937/52 ^^[ \C70/rm/m/n/10.53937/98 y \C70/rm/m/n/10.53937/76 Ó|\C70/rm/m/n/10.53937/ff ^^L| \C70/rm/m/n/10.53937/67 , e \C70/rm/m/n/10.53937/62 ^^Q \C70/rm/m/n/10.53937/4e Ï \C70/rm/m/n/10.53937/76 Ñ \C70/rm/m/n/10.53937/62 Ä \C70/rm/m/n/10.53937/67 / \C70/rm/m/n/10.53937/68 ^^H \C70/rm/m/n/10.53937/53 Í \C70/rm/m/n/10.53937/4f ^^? \C70/rm/m/n/10.53937/75 ( \C70/rm/m/n/10.53937/4e Ü\OT1/cmr/m/n/10.53937 opencv|\C70/rm/m/n/10.53937/30 ^^A|
 []


Overfull \hbox (20.99872pt too wide) in paragraph at lines 135--139
\OT1/cmr/m/n/10.53937 numpy\C70/rm/m/n/10.53937/7b I \C70/rm/m/n/10.53937/57 ˙ \C70/rm/m/n/10.53937/78 @ \C70/rm/m/n/10.53937/5e ì|\C70/rm/m/n/10.53937/ff ^^L| \C70/rm/m/n/10.53937/4f F \C70/rm/m/n/10.53937/66 / \C70/rm/m/n/10.53937/7e œ \C70/rm/m/n/10.53937/8f « \C70/rm/m/n/10.53937/51 ‡ \C70/rm/m/n/10.53937/4e * \C70/rm/m/n/10.53937/72 H \C70/rm/m/n/10.53937/67 , \C70/rm/m/n/10.53937/76 Ñ \C70/rm/m/n/10.53937/8f Ì \C70/rm/m/n/10.53937/4e „ \C70/rm/m/n/10.53937/54 ^^N \C70/rm/m/n/10.53937/53 — \C70/rm/m/n/10.53937/73 ∞ \C70/rm/m/n/10.53937/4f ^^? \C70/rm/m/n/10.53937/75 ( \C70/rm/m/n/10.53937/53 w \C70/rm/m/n/10.53937/79 Ô ^ \C70/rm/m/n/10.53937/7e œ \C70/rm/m/n/10.53937/7f Q \C70/rm/m/n/10.53937/7e ‹ \C70/rm/m/n/10.53937/76 Ñ \C70/rm/m/n/10.53937/53 U \C70/rm/m/n/10.53937/5f   \C70/rm/m/n/10.53937/56 ˛ \C70/rm/m/n/10.53937/50 œ \C70/rm/m/n/10.53937/53 ª \C70/rm/m/n/10.53937/96 ˛\OT1/cmr/m/n/10.53937 AOD-Net[[]]\C70/rm/m/n/10.53937/7b ó
 []

LaTeX Font Info:    External font `cmex10' loaded for size
(Font)              <7> on input line 141.
LaTeX Font Info:    External font `cmex10' loaded for size
(Font)              <5> on input line 141.
[2]
<dehaze1.png, id=235, 1210.5225pt x 455.7025pt>
File: dehaze1.png Graphic file (type png)
<use dehaze1.png>
Package pdftex.def Info: dehaze1.png  used on input line 160.
(pdftex.def)             Requested size: 363.15955pt x 136.71179pt.

Overfull \hbox (6.71211pt too wide) in paragraph at lines 169--174
\C70/rm/m/n/10.53937/7b I|\C70/rm/m/n/10.53937/30 ^^B| \C70/rm/m/n/10.53937/50 O \C70/rm/m/n/10.53937/54 ^^Q \C70/rm/m/n/10.53937/4e é \C70/rm/m/n/10.53937/5b ∆ \C70/rm/m/n/10.53937/96 ∆ \C70/rm/m/n/10.53937/57 ã \C70/rm/m/n/10.53937/8b ° \C70/rm/m/n/10.53937/7b ó \C70/rm/m/n/10.53937/76 Ñ \C70/rm/m/n/10.53937/79 — \C70/rm/m/n/10.53937/5b f \C70/rm/m/n/10.53937/8b ° \C70/rm/m/n/10.53937/7b ó \C70/rm/m/n/10.53937/5e 8 \C70/rm/m/n/10.53937/4f ^^Z \C70/rm/m/n/10.53937/52 ) \C70/rm/m/n/10.53937/75 (\OT1/cmr/m/n/10.53937 C\C70/rm/m/n/10.53937/8b Ì \C70/rm/m/n/10.53937/8a ^^@ \C70/rm/m/n/10.53937/62 ^^V\OT1/cmr/m/n/10.53937 Fortran\C70/rm/m/n/10.53937/76 Ñ \C70/rm/m/n/10.53937/4e ^^@ õ \C70/rm/m/n/10.53937/53 ÿ \C70/rm/m/n/10.53937/4f S \C70/rm/m/n/10.53937/4e Â \C70/rm/m/n/10.53937/53  \OT1/cmr/m/n/10.53937 BLAS\C70/rm/m/n/10.53937/62 ^^V\OT1/cmr/m/n/10.53937 LAPACK\C70/rm/m/n/10.53937/7b I
 []

[3 <c:/Users/tiank/OneDrive/Œƒµµ/º∆À„ø∆—ßµº¬€ƒ£∞Â/º∆À„ø∆—ßµº¬€-øŒ≥Ã◊‹Ω·±®∏Ê-latexƒ£∞Â/dehaze1.png (PNG copy)>]
<nodecode.png, id=249, 1740.5025pt x 697.60625pt>
File: nodecode.png Graphic file (type png)
<use nodecode.png>
Package pdftex.def Info: nodecode.png  used on input line 186.
(pdftex.def)             Requested size: 261.0641pt x 104.63641pt.

Overfull \hbox (5.39455pt too wide) in paragraph at lines 182--192
\C70/rm/m/n/10.53937/5e 8 \C70/rm/m/n/10.53937/4f \ \C70/rm/m/n/10.53937/70 ∫ \C70/rm/m/n/10.53937/75 ( \C70/rm/m/n/10.53937/62 6 \C70/rm/m/n/10.53937/7a Ô  \C70/rm/m/n/10.53937/5f ^^O \C70/rm/m/n/10.53937/8a - ^^H û ^^@ \C70/rm/m/n/10.53937/4f ^^? \C70/rm/m/n/10.53937/75 (|\C70/rm/m/n/10.53937/ff ^^L| \C70/rm/m/n/10.53937/4e Â\OT1/cmr/m/n/10.53937 JavaScript\C70/rm/m/n/10.53937/5b Î \C70/rm/m/n/10.53937/51 ˙ \C70/rm/m/n/10.53937/76 Ñ \C70/rm/m/n/10.53937/7a  \C70/rm/m/n/10.53937/5f ^^O \C70/rm/m/n/10.53937/5e 8 \C70/rm/m/n/10.53937/57 ( \C70/rm/m/n/10.53937/75 ( \C70/rm/m/n/10.53937/62 6 \C70/rm/m/n/10.53937/76 Ñ \C70/rm/m/n/10.53937/70 ^^O \C70/rm/m/n/10.53937/89 Ω \C70/rm/m/n/10.53937/56 h \C70/rm/m/n/10.53937/4e 
 \C70/rm/m/n/10.53937/57 ˜ \C70/rm/m/n/10.53937/88 L|\C70/rm/m/n/10.53937/30 ^^B| \OT1/cmr/m/n/10.53937 Node.js\C70/rm/m/n/10.53937/76 Ñ
 []


Overfull \hbox (18.27606pt too wide) in paragraph at lines 182--192
\C70/rm/m/n/10.53937/51 ˙ \C70/rm/m/n/10.53937/73 ˛ \C70/rm/m/n/10.53937/4f ^^?\OT1/cmr/m/n/10.53937 JavaScript\C70/rm/m/n/10.53937/4e _ \C70/rm/m/n/10.53937/80 ˝ \C70/rm/m/n/10.53937/75 ( \C70/rm/m/n/10.53937/65 º \C70/rm/m/n/10.53937/4f : \C70/rm/m/n/10.53937/67 ^^M \C70/rm/m/n/10.53937/56 h \C70/rm/m/n/10.53937/7a Ô \C70/rm/m/n/10.53937/7d Ë \C70/rm/m/n/10.53937/7a |\C70/rm/m/n/10.53937/30 ^^B| \OT1/cmr/m/n/10.53937 Node.js\C70/rm/m/n/10.53937/54 + \C70/rm/m/n/10.53937/67 	 \C70/rm/m/n/10.53937/4e ^^@ \C70/rm/m/n/10.53937/7c ˚ \C70/rm/m/n/10.53937/52 ^^W \C70/rm/m/n/10.53937/51 g \C70/rm/m/n/10.53937/7f n \C70/rm/m/n/10.53937/6a ! \C70/rm/m/n/10.53937/7d D|\C70/rm/m/n/10.53937/ff ^^L| \C70/rm/m/n/10.53937/4f ^^? \C70/rm/m/n/10.53937/5f ó \C70/rm/m/n/10.53937/7a  \C70/rm/m/n/10.53937/5f ^^O \C70/rm/m/n/10.53937/53 Ô \C70/rm/m/n/10.53937/4e Â \C70/rm/m/n/10.53937/81 + \C70/rm/m/n/10.53937/96 ‚\OT1/cmr/m/n/10.53937 Apache
 []


Overfull \hbox (0.76178pt too wide) in paragraph at lines 182--192
\OT1/cmr/m/n/10.53937 HTTP Server\C70/rm/m/n/10.53937/62 ^^V\OT1/cmr/m/n/10.53937 IIS|\C70/rm/m/n/10.53937/ff ^^L| \C70/rm/m/n/10.53937/4f \ \C70/rm/m/n/10.53937/70 ∫ \C70/rm/m/n/10.53937/73 h \C70/rm/m/n/10.53937/7a À \C70/rm/m/n/10.53937/4f : \C70/rm/m/n/10.53937/67 ^^M \C70/rm/m/n/10.53937/56 h \C70/rm/m/n/10.53937/57 ˜ \C70/rm/m/n/10.53937/88 L|\C70/rm/m/n/10.53937/30 ^^B||\C70/rm/m/n/10.53937/20 ^^]||\C70/rm/m/n/10.53937/30 ^^B| \C70/rm/m/n/10.53937/5f S \C70/rm/m/n/10.53937/71 6|\C70/rm/m/n/10.53937/ff ^^L| \C70/rm/m/n/10.53937/8f Ÿ \C70/rm/m/n/10.53937/66 / \C70/rm/m/n/10.53937/76 ~ \C70/rm/m/n/10.53937/79 — \C70/rm/m/n/10.53937/4e 
 \C70/rm/m/n/10.53937/76 Ñ \C70/rm/m/n/10.53937/51 Ö \C70/rm/m/n/10.53937/5b π|\C70/rm/m/n/10.53937/ff ^^L| \C70/rm/m/n/10.53937/62 ^^Q \C70/rm/m/n/10.53937/4e Ï \C70/rm/m/n/10.53937/8f ÿ \C70/rm/m/n/10.53937/53 Ô \C70/rm/m/n/10.53937/4e Â Œ\OT1/cmr/m/n/10.53937 Node\C70/rm/m/n/10.53937/76 Ñ
 []


Overfull \hbox (25.87013pt too wide) in paragraph at lines 182--192
\OT1/cmr/m/n/10.53937 Node\C70/rm/m/n/10.53937/67 	 \C70/rm/m/n/10.53937/5f à : \C70/rm/m/n/10.53937/76 Ñ \C70/rm/m/n/10.53937/90 ^^Z \C70/rm/m/n/10.53937/75 ( \C70/rm/m/n/10.53937/60 '|\C70/rm/m/n/10.53937/ff ^^L| \C70/rm/m/n/10.53937/5c 1 \C70/rm/m/n/10.53937/50 œ \C70/rm/m/n/10.53937/8f — \C70/rm/m/n/10.53937/5e t \C70/rm/m/n/10.53937/67 ^^@ \C70/rm/m/n/10.53937/70 k \C70/rm/m/n/10.53937/76 Ñ \C70/rm/m/n/10.53937/7f ^^V \C70/rm/m/n/10.53937/8f ë \C70/rm/m/n/10.53937/56 h |\C70/rm/m/n/10.53937/20 ^^T||^^T| \OT1/cmr/m/n/10.53937 VSCode |\C70/rm/m/n/10.53937/20 ^^T||^^T| \C70/rm/m/n/10.53937/67 , e \C70/rm/m/n/10.53937/53 Í \C70/rm/m/n/10.53937/66 / \C70/rm/m/n/10.53937/4e ^^@ * \C70/rm/m/n/10.53937/7c { \C70/rm/m/n/10.53937/4f < \C70/rm/m/n/10.53937/4e é\OT1/cmr/m/n/10.53937 Atom|\C70/rm/m/n/10.53937/30 ^^A| \OT1/cmr/m/n/10.53937 Emacs\C70/rm/m/n/10.53937/76 Ñ
 []

[4 <c:/Users/tiank/OneDrive/Œƒµµ/º∆À„ø∆—ßµº¬€ƒ£∞Â/º∆À„ø∆—ßµº¬€-øŒ≥Ã◊‹Ω·±®∏Ê-latexƒ£∞Â/nodecode.png>] [5]
<github.png, id=271, 2553.54pt x 1263.72125pt>
File: github.png Graphic file (type png)
<use github.png>
Package pdftex.def Info: github.png  used on input line 221.
(pdftex.def)             Requested size: 255.36896pt x 126.37952pt.
 [6 <c:/Users/tiank/OneDrive/Œƒµµ/º∆À„ø∆—ßµº¬€ƒ£∞Â/º∆À„ø∆—ßµº¬€-øŒ≥Ã◊‹Ω·±®∏Ê-latexƒ£∞Â/github.png>]
<gcz.png, id=281, 2550.52875pt x 1265.72874pt>
File: gcz.png Graphic file (type png)
<use gcz.png>
Package pdftex.def Info: gcz.png  used on input line 229.
(pdftex.def)             Requested size: 255.06781pt x 126.58028pt.
<xxqg.jpg, id=282, 1445.4pt x 1081.03876pt>
File: xxqg.jpg Graphic file (type jpg)
<use xxqg.jpg>
Package pdftex.def Info: xxqg.jpg  used on input line 235.
(pdftex.def)             Requested size: 158.99449pt x 118.91463pt.
<bilibili.jpg, id=283, 1445.4pt x 1180.41pt>
File: bilibili.jpg Graphic file (type jpg)
<use bilibili.jpg>
Package pdftex.def Info: bilibili.jpg  used on input line 241.
(pdftex.def)             Requested size: 158.99449pt x 129.8455pt.
 [7 <c:/Users/tiank/OneDrive/Œƒµµ/º∆À„ø∆—ßµº¬€ƒ£∞Â/º∆À„ø∆—ßµº¬€-øŒ≥Ã◊‹Ω·±®∏Ê-latexƒ£∞Â/gcz.png> <c:/Users/tiank/OneDrive/Œƒµµ/º∆À„ø∆—ßµº¬€ƒ£∞Â/º∆À„ø∆—ßµº¬€-øŒ≥Ã◊‹Ω·±®∏Ê-latexƒ£∞Â/xxqg.jpg> <c:/Users/tiank/OneDrive/Œƒµµ/º∆À„ø∆—ßµº¬€ƒ£∞Â/º∆À„ø∆—ßµº¬€-øŒ≥Ã◊‹Ω·±®∏Ê-latexƒ£∞Â/bilibili.jpg>]
<csdn.png, id=293, 2549.525pt x 1268.74pt>
File: csdn.png Graphic file (type png)
<use csdn.png>
Package pdftex.def Info: csdn.png  used on input line 251.
(pdftex.def)             Requested size: 254.96744pt x 126.88142pt.
<cnblog.png, id=295, 2550.52875pt x 1264.725pt>
File: cnblog.png Graphic file (type png)
<use cnblog.png>
Package pdftex.def Info: cnblog.png  used on input line 259.
(pdftex.def)             Requested size: 255.06781pt x 126.4799pt.
<xmc.png, id=297, 2549.525pt x 1265.72874pt>
File: xmc.png Graphic file (type png)
<use xmc.png>
Package pdftex.def Info: xmc.png  used on input line 268.
(pdftex.def)             Requested size: 254.96744pt x 126.58028pt.

Underfull \hbox (badness 10000) in paragraph at lines 275--276

 []

(c:/Users/tiank/OneDrive/Œƒµµ/º∆À„ø∆—ßµº¬€ƒ£∞Â/º∆À„ø∆—ßµº¬€-øŒ≥Ã◊‹Ω·±®∏Ê-latexƒ£∞Â/main.bbl [8 <c:/Users/tiank/OneDrive/Œƒµµ/º∆À„ø∆—ßµº¬€ƒ£∞Â/º∆À„ø∆—ßµº¬€-øŒ≥Ã◊‹Ω·±®∏Ê-latexƒ£∞Â/csdn.png> <c:/Users/tiank/OneDrive/Œƒµµ/º∆À„ø∆—ßµº¬€ƒ£∞Â/º∆À„ø∆—ßµº¬€-øŒ≥Ã◊‹Ω·±®∏Ê-latexƒ£∞Â/cnblog.png> <c:/Users/tiank/OneDrive/Œƒµµ/º∆À„ø∆—ßµº¬€ƒ£∞Â/º∆À„ø∆—ßµº¬€-øŒ≥Ã◊‹Ω·±®∏Ê-latexƒ£∞Â/xmc.png>])
Package atveryend Info: Empty hook `BeforeClearDocument' on input line 283.
 [9]
Package atveryend Info: Empty hook `AfterLastShipout' on input line 283.
 (c:/Users/tiank/OneDrive/Œƒµµ/º∆À„ø∆—ßµº¬€ƒ£∞Â/º∆À„ø∆—ßµº¬€-øŒ≥Ã◊‹Ω·±®∏Ê-latexƒ£∞Â/main.aux)
Package atveryend Info: Executing hook `AtVeryEndDocument' on input line 283.
Package atveryend Info: Executing hook `AtEndAfterFileList' on input line 283.
Package rerunfilecheck Info: File `main.out' has not changed.
(rerunfilecheck)             Checksum: 1C0D252F4A92B417151F345B1DBE9442;914.


LaTeX Warning: There were multiply-defined labels.

 ) 
Here is how much of TeX's memory you used:
 26270 strings out of 494517
 443164 string characters out of 6176471
 480932 words of memory out of 5000000
 29315 multiletter control sequences out of 15000+600000
 587731 words of font info for 228 fonts, out of 8000000 for 9000
 36 hyphenation exceptions out of 8191
 41i,8n,63p,1117b,449s stack positions out of 5000i,500n,10000p,200000b,80000s
<c:/Windows/Fonts/simkai.ttf><c:/Windows/Fonts/simkai.ttf><c:/Windows/Fonts/simkai.ttf><c:/Windows/Fonts/simkai.ttf><c:/Windows/Fonts/simkai.ttf><c:/Windows/Fonts/simkai.ttf><c:/Windows/Fonts/simkai.ttf><c:/Windows/Fonts/simkai.ttf><c:/Windows/Fonts/simkai.ttf><c:/Windows/Fonts/simhei.ttf><c:/Windows/Fonts/simhei.ttf><c:/Windows/Fonts/simhei.ttf><c:/Windows/Fonts/simsun.ttc><c:/Windows/Fonts/simsun.ttc><c:/Windows/Fonts/simsun.ttc><c:/Windows/Fonts/simsun.ttc><c:/Windows/Fonts/simhei.ttf><c:/Windows/Fonts/simhei.ttf><c:/Windows/Fonts/simhei.ttf><c:/Windows/Fonts/simhei.ttf><c:/Windows/Fonts/simhei.ttf><c:/Windows/Fonts/simsun.ttc><c:/Windows/Fonts/simsun.ttc><c:/Windows/Fonts/simhei.ttf><c:/Windows/Fonts/simhei.ttf><c:/Windows/Fonts/simhei.ttf><c:/Windows/Fonts/simhei.ttf><c:/Windows/Fonts/simsun.ttc><c:/Windows/Fonts/simsun.ttc><c:/Windows/Fonts/simsun.ttc><c:/Windows/Fonts/simsun.ttc><c:/Windows/Fonts/simsun.ttc><c:/Windows/Fonts/simsun.ttc><c:/Windows/Fonts/simsun.ttc><c:/Windows/Fonts/simsun.ttc><c:/Windows/Fonts/simsun.ttc><c:/Windows/Fonts/simsun.ttc><c:/Windows/Fonts/simsun.ttc><c:/Windows/Fonts/simsun.ttc><c:/Windows/Fonts/simsun.ttc><c:/Windows/Fonts/simhei.ttf><c:/Windows/Fonts/simhei.ttf><c:/Windows/Fonts/simsun.ttc><c:/Windows/Fonts/simsun.ttc><c:/Windows/Fonts/simsun.ttc><c:/Windows/Fonts/simsun.ttc><c:/Windows/Fonts/simsun.ttc><c:/Windows/Fonts/simsun.ttc><c:/Windows/Fonts/simsun.ttc><c:/Windows/Fonts/simsun.ttc><c:/Windows/Fonts/simsun.ttc><c:/Windows/Fonts/simsun.ttc><c:/Windows/Fonts/simsun.ttc><c:/Windows/Fonts/simhei.ttf><c:/Windows/Fonts/simhei.ttf><c:/Windows/Fonts/simhei.ttf><c:/Windows/Fonts/simhei.ttf><c:/Windows/Fonts/simsun.ttc><c:/Windows/Fonts/simsun.ttc><c:/Windows/Fonts/simsun.ttc><c:/Windows/Fonts/simsun.ttc><c:/Windows/Fonts/simsun.ttc><c:/Windows/Fonts/simsun.ttc><c:/Windows/Fonts/simsun.ttc><c:/Windows/Fonts/simsun.ttc><c:/Windows/Fonts/simsun.ttc><c:/Windows/Fonts/simsun.ttc><c:/Windows/Fonts/simsun.ttc><c:/Windows/Fonts/simsun.ttc><c:/Windows/Fonts/simsun.ttc><c:/Windows/Fonts/simsun.ttc><c:/Windows/Fonts/simsun.ttc><c:/Windows/Fonts/simsun.ttc><c:/Windows/Fonts/simsun.ttc><c:/Windows/Fonts/simhei.ttf><c:/Windows/Fonts/simhei.ttf><c:/Windows/Fonts/simsun.ttc><c:/Windows/Fonts/simsun.ttc><c:/Windows/Fonts/simsun.ttc><c:/Windows/Fonts/simsun.ttc><c:/Windows/Fonts/simsun.ttc><c:/Windows/Fonts/simsun.ttc><c:/Windows/Fonts/simsun.ttc><c:/Windows/Fonts/simsun.ttc><c:/Windows/Fonts/simsun.ttc><c:/Windows/Fonts/simsun.ttc><c:/Windows/Fonts/simsun.ttc><c:/Windows/Fonts/simsun.ttc><c:/Windows/Fonts/simsun.ttc><c:/Windows/Fonts/simsun.ttc><c:/Windows/Fonts/simsun.ttc><c:/Windows/Fonts/simsun.ttc><c:/Windows/Fonts/simsun.ttc><c:/Windows/Fonts/simsun.ttc><c:/Windows/Fonts/simsun.ttc><c:/Windows/Fonts/simsun.ttc><c:/Windows/Fonts/simsun.ttc><c:/Windows/Fonts/simsun.ttc><c:/Windows/Fonts/simsun.ttc><c:/Windows/Fonts/simsun.ttc><c:/Windows/Fonts/simsun.ttc><c:/Windows/Fonts/simsun.ttc><c:/Windows/Fonts/simsun.ttc><c:/Windows/Fonts/simsun.ttc><c:/Windows/Fonts/simsun.ttc><c:/Windows/Fonts/simhei.ttf><c:/Windows/Fonts/simhei.ttf><c:/Windows/Fonts/simhei.ttf><c:/Windows/Fonts/simhei.ttf><c:/Windows/Fonts/simhei.ttf><c:/Windows/Fonts/simhei.ttf><c:/Windows/Fonts/simhei.ttf><c:/Windows/Fonts/simhei.ttf><c:/Windows/Fonts/simhei.ttf><c:/Windows/Fonts/simhei.ttf><e:/texlive/2019/texmf-dist/fonts/type1/public/amsfonts/cm/cmbx12.pfb><e:/texlive/2019/texmf-dist/fonts/type1/public/amsfonts/cm/cmmi10.pfb><e:/texlive/2019/texmf-dist/fonts/type1/public/amsfonts/cm/cmmi7.pfb><e:/texlive/2019/texmf-dist/fonts/type1/public/amsfonts/cm/cmr10.pfb><e:/texlive/2019/texmf-dist/fonts/type1/public/amsfonts/cm/cmr12.pfb><e:/texlive/2019/texmf-dist/fonts/type1/public/amsfonts/cm/cmr7.pfb><e:/texlive/2019/texmf-dist/fonts/type1/public/amsfonts/cm/cmr9.pfb><e:/texlive/2019/texmf-dist/fonts/type1/public/amsfonts/cm/cmsy10.pfb><e:/texlive/2019/texmf-dist/fonts/type1/public/amsfonts/cm/cmsy7.pfb><e:/texlive/2019/texmf-dist/fonts/type1/public/amsfonts/cm/cmti10.pfb><e:/texlive/2019/texmf-dist/fonts/type1/public/amsfonts/cm/cmtt10.pfb>
Output written on c:/Users/tiank/OneDrive/Œƒµµ/º∆À„ø∆—ßµº¬€ƒ£∞Â/º∆À„ø∆—ßµº¬€-øŒ≥Ã◊‹Ω·±®∏Ê-latexƒ£∞Â/main.pdf (10 pages, 3165770 bytes).
PDF statistics:
 719 PDF objects out of 1000 (max. 8388607)
 483 compressed objects within 5 object streams
 36 named destinations out of 1000 (max. 500000)
 419 words of extra memory for PDF output out of 10000 (max. 10000000)

